This file contains any messages produced by compilers while
running configure, to aid debugging if configure makes a mistake.

It was created by configure, which was
generated by GNU Autoconf 2.64.  Invocation command line was

  $ /nfs/projects/zephyr/deadzone/ArmoredSoftware/llvm/gdb/mod1/gdb-7.9/gdb/configure --cache-file=./config.cache --with-system-zlib --prefix=/usr --with-system-readline --program-transform-name=s,y,y, --disable-option-checking --build=x86_64-unknown-linux-gnu --host=x86_64-unknown-linux-gnu --target=x86_64-unknown-linux-gnu --srcdir=.././gdb build_alias=x86_64-unknown-linux-gnu host_alias=x86_64-unknown-linux-gnu target_alias=x86_64-unknown-linux-gnu CC=gcc CFLAGS=-g -O2 LDFLAGS=  MAKEINFO=/nfs/projects/zephyr/deadzone/ArmoredSoftware/llvm/gdb/mod1/gdb-7.9/missing makeinfo --split-size=5000000 YACC=bison -y --no-create --no-recursion

## --------- ##
## Platform. ##
## --------- ##

hostname = frosting.ittc.ku.edu
uname -m = x86_64
uname -r = 3.19.3-200.fc21.x86_64
uname -s = Linux
uname -v = #1 SMP Thu Mar 26 21:39:42 UTC 2015

/usr/bin/uname -p = x86_64
/bin/uname -X     = unknown

/bin/arch              = x86_64
/usr/bin/arch -k       = unknown
/usr/convex/getsysinfo = unknown
/usr/bin/hostinfo      = unknown
/bin/machine           = unknown
/usr/bin/oslevel       = unknown
/bin/universe          = unknown

PATH: /usr/system/bin
PATH: /usr/local/bin
PATH: /bin
PATH: /usr/bin
PATH: /usr/bin/X11
PATH: /usr/X11R6/bin
PATH: /sbin
PATH: /usr/sbin
PATH: /usr/local/sbin
PATH: /tools/matlab/bin


## ----------- ##
## Core tests. ##
## ----------- ##

configure:2601: loading site script /usr/share/config.site
| # This is the config.site file to satisfy FHS defaults when installing below
| # /usr.
| #
| # You may override this file by your config.site using the CONFIG_SITE env
| # variable.
| #
| # Note: This file includes also RHEL/Fedora fix for installing libraries into
| # "/lib/lib64" on 64bit systems.
| 
| if test -n "$host"; then
|     # skip when cross-compiling
|     return 0
| fi
| 
| if test "$prefix" = /usr \
|    || { test "$prefix" = NONE && test "$ac_default_prefix" = /usr ; }
| then
|     test "$sysconfdir" = '${prefix}/etc' && sysconfdir=/etc
|     test "$sharedstatedir" = '${prefix}/com' && sharedstatedir=/var
|     test "$localstatedir" = '${prefix}/var' && localstatedir=/var
| 
|     ARCH=`uname -m`
|     for i in x86_64 ppc64 s390x aarch64; do
|         if test $ARCH = $i; then
|             test "$libdir" = '${exec_prefix}/lib' && libdir='${exec_prefix}/lib64'
|             break
|         fi
|     done
| fi
configure:2612: loading cache ./config.cache
configure:2699: checking whether to enable maintainer-specific portions of Makefiles
configure:2708: result: no
configure:2733: checking for x86_64-unknown-linux-gnu-gcc
configure:2760: result: gcc
configure:3029: checking for C compiler version
configure:3038: gcc --version >&5
gcc (GCC) 4.9.2 20150212 (Red Hat 4.9.2-6)
Copyright (C) 2014 Free Software Foundation, Inc.
This is free software; see the source for copying conditions.  There is NO
warranty; not even for MERCHANTABILITY or FITNESS FOR A PARTICULAR PURPOSE.

configure:3049: $? = 0
configure:3038: gcc -v >&5
Using built-in specs.
COLLECT_GCC=gcc
COLLECT_LTO_WRAPPER=/usr/libexec/gcc/x86_64-redhat-linux/4.9.2/lto-wrapper
Target: x86_64-redhat-linux
Configured with: ../configure --prefix=/usr --mandir=/usr/share/man --infodir=/usr/share/info --with-bugurl=http://bugzilla.redhat.com/bugzilla --enable-bootstrap --enable-shared --enable-threads=posix --enable-checking=release --enable-multilib --with-system-zlib --enable-__cxa_atexit --disable-libunwind-exceptions --enable-gnu-unique-object --enable-linker-build-id --with-linker-hash-style=gnu --enable-languages=c,c++,objc,obj-c++,fortran,ada,go,lto --enable-plugin --enable-initfini-array --disable-libgcj --with-isl=/builddir/build/BUILD/gcc-4.9.2-20150212/obj-x86_64-redhat-linux/isl-install --with-cloog=/builddir/build/BUILD/gcc-4.9.2-20150212/obj-x86_64-redhat-linux/cloog-install --enable-gnu-indirect-function --with-tune=generic --with-arch_32=i686 --build=x86_64-redhat-linux
Thread model: posix
gcc version 4.9.2 20150212 (Red Hat 4.9.2-6) (GCC) 
configure:3049: $? = 0
configure:3038: gcc -V >&5
gcc: error: unrecognized command line option '-V'
gcc: fatal error: no input files
compilation terminated.
configure:3049: $? = 4
configure:3038: gcc -qversion >&5
gcc: error: unrecognized command line option '-qversion'
gcc: fatal error: no input files
compilation terminated.
configure:3049: $? = 4
configure:3069: checking for C compiler default output file name
configure:3091: gcc -g -O2    conftest.c  >&5
configure:3095: $? = 0
configure:3132: result: a.out
configure:3148: checking whether the C compiler works
configure:3157: ./a.out
configure:3161: $? = 0
configure:3176: result: yes
configure:3183: checking whether we are cross compiling
configure:3185: result: no
configure:3188: checking for suffix of executables
configure:3195: gcc -o conftest -g -O2    conftest.c  >&5
configure:3199: $? = 0
configure:3221: result: 
configure:3227: checking for suffix of object files
configure:3274: result: o
configure:3278: checking whether we are using the GNU C compiler
configure:3306: result: yes
configure:3315: checking whether gcc accepts -g
configure:3376: result: yes
configure:3393: checking for gcc option to accept ISO C89
configure:3470: result: none needed
configure:3496: checking how to run the C preprocessor
configure:3566: result: gcc -E
configure:3586: gcc -E  conftest.c
configure:3586: $? = 0
configure:3600: gcc -E  conftest.c
conftest.c:9:28: fatal error: ac_nonexistent.h: No such file or directory
 #include <ac_nonexistent.h>
                            ^
compilation terminated.
configure:3600: $? = 1
configure: failed program was:
| /* confdefs.h */
| #define PACKAGE_NAME ""
| #define PACKAGE_TARNAME ""
| #define PACKAGE_VERSION ""
| #define PACKAGE_STRING ""
| #define PACKAGE_BUGREPORT ""
| #define PACKAGE_URL ""
| /* end confdefs.h.  */
| #include <ac_nonexistent.h>
configure:3629: checking for grep that handles long lines and -e
configure:3687: result: /bin/grep
configure:3692: checking for egrep
configure:3754: result: /bin/grep -E
configure:3759: checking for ANSI C header files
configure:3863: result: yes
configure:3876: checking for sys/types.h
configure:3876: result: yes
configure:3876: checking for sys/stat.h
configure:3876: result: yes
configure:3876: checking for stdlib.h
configure:3876: result: yes
configure:3876: checking for string.h
configure:3876: result: yes
configure:3876: checking for memory.h
configure:3876: result: yes
configure:3876: checking for strings.h
configure:3876: result: yes
configure:3876: checking for inttypes.h
configure:3876: result: yes
configure:3876: checking for stdint.h
configure:3876: result: yes
configure:3876: checking for unistd.h
configure:3876: result: yes
configure:3890: checking for minix/config.h
configure:3890: result: no
configure:3911: checking whether it is safe to define __EXTENSIONS__
configure:3936: result: yes
configure:3977: checking build system type
configure:3991: result: x86_64-unknown-linux-gnu
configure:4011: checking host system type
configure:4024: result: x86_64-unknown-linux-gnu
configure:4044: checking target system type
configure:4057: result: x86_64-unknown-linux-gnu
configure:4096: checking for dlfcn.h
configure:4096: result: yes
configure:4109: checking for windows.h
configure:4109: result: no
configure:4136: checking for library containing dlopen
configure:4184: result: -ldl
configure:4215: checking for special C compiler options needed for large files
configure:4260: result: no
configure:4266: checking for _FILE_OFFSET_BITS value needed for large files
configure:4323: result: no
configure:4410: checking for gcc option to accept ANSI C
configure:4478: result: none needed
configure:4655: checking dependency style of gcc
configure:4740: result: gcc3
configure:4754: checking for make
configure:4781: result: make
configure:4806: checking whether make sets $(MAKE)
configure:4828: result: yes
configure:4914: === configuring in build-gnulib (/nfs/projects/zephyr/deadzone/ArmoredSoftware/ws/protocol/measurer/gdb-7.9/gdb/build-gnulib)
configure:4941: running /bin/sh .././gnulib/configure --disable-option-checking '--prefix=/usr'  '--with-system-zlib' '--with-system-readline' '--program-transform-name=s,y,y,' '--build=x86_64-unknown-linux-gnu' '--host=x86_64-unknown-linux-gnu' '--target=x86_64-unknown-linux-gnu' 'build_alias=x86_64-unknown-linux-gnu' 'host_alias=x86_64-unknown-linux-gnu' 'target_alias=x86_64-unknown-linux-gnu' 'CC=gcc' 'CFLAGS=-g -O2' 'LDFLAGS= ' 'MAKEINFO=/nfs/projects/zephyr/deadzone/ArmoredSoftware/llvm/gdb/mod1/gdb-7.9/missing makeinfo --split-size=5000000' 'YACC=bison -y' --cache-file=./config.cache --srcdir=.././gnulib
configure:4975: checking whether NLS is requested
configure:4981: result: yes
configure:4987: checking for catalogs to be installed
configure:5019: result: 
configure:5066: checking whether /nfs/projects/zephyr/deadzone/ArmoredSoftware/llvm/gdb/mod1/gdb-7.9/missing makeinfo --split-size=5000000 supports @click
configure:5078: result: no
configure:5218: checking for default auto-load directory
configure:5240: result: $debugdir:$datadir/auto-load
configure:5243: checking for default auto-load safe-path
configure:5267: result: $debugdir:$datadir/auto-load
configure:5561: checking for libunwind-ia64.h
configure:5561: result: no
configure:5629: checking for monstartup
configure:5629: result: yes
configure:5629: checking for _mcleanup
configure:5629: result: yes
configure:5639: checking for _etext
configure:5665: result: yes
configure:5672: checking for etext
configure:5698: result: yes
configure:5810: checking for gawk
configure:5837: result: gawk
configure:5862: checking for a BSD-compatible install
configure:5930: result: /bin/install -c
configure:5941: checking whether ln -s works
configure:5945: result: yes
configure:5955: checking for x86_64-unknown-linux-gnu-ranlib
configure:5982: result: ranlib
configure:6048: checking for bison
configure:6075: result: bison -y
configure:6091: checking for x86_64-unknown-linux-gnu-ar
configure:6118: result: ar
configure:6183: checking for x86_64-unknown-linux-gnu-dlltool
configure:6210: result: dlltool
configure:6275: checking for x86_64-unknown-linux-gnu-windres
configure:6302: result: windres
configure:6471: checking for main in -lm
configure:6499: result: yes
configure:6515: checking for wctype
configure:6515: result: yes
configure:6568: checking for library containing gethostbyname
configure:6616: result: none required
configure:6626: checking for library containing socketpair
configure:6674: result: none required
configure:6696: checking for library containing zlibVersion
configure:6744: result: no
configure:6770: checking for library containing dlgetmodinfo
configure:6818: result: no
configure:6844: checking for iconv
configure:6951: result: yes
configure:6975: checking for iconv declaration
configure:7015: result: install-shextern size_t iconv (iconv_t cd, char * *inbuf, size_t *inbytesleft, char * *outbuf, size_t *outbytesleft);
configure:7091: checking for library containing waddstr
configure:7139: result: -lncurses
configure:7194: checking for library containing tgetent
configure:7242: result: none required
configure:7287: checking size of unsigned long long
configure:7307: result: 8
configure:7321: checking size of unsigned long
configure:7341: result: 8
configure:7355: checking size of unsigned __int128
configure:7375: result: 16
configure:7400: checking for library containing dlopen
configure:7448: result: -ldl
configure:7512: checking whether to use expat
configure:7514: result: auto
configure:7562: checking for ld used by GCC
configure:7625: result: ld
configure:7632: checking if the linker (ld) is GNU ld
configure:7644: result: yes
configure:7650: checking for shared library run path origin
configure:7663: result: done
configure:8090: checking for libexpat
configure:8119: result: no
configure:8146: WARNING: expat is missing or unusable; some features may be unavailable.
configure:8183: checking whether to use python
configure:8185: result: auto
configure:8234: checking for python
configure:8265: result: /bin/python
configure:8403: checking for python2.7
configure:8421: gcc -o conftest -g -O2   -I/usr/include/python2.7 -I/usr/include/python2.7   conftest.c -ldl -lncurses -lm -ldl    -lpthread -ldl -lutil -lm -lpython2.7 -Xlinker -export-dynamic >&5
conftest.c:50:20: fatal error: Python.h: No such file or directory
 #include "Python.h"
                    ^
compilation terminated.
configure:8421: $? = 1
configure: failed program was:
| /* confdefs.h */
| #define PACKAGE_NAME ""
| #define PACKAGE_TARNAME ""
| #define PACKAGE_VERSION ""
| #define PACKAGE_STRING ""
| #define PACKAGE_BUGREPORT ""
| #define PACKAGE_URL ""
| #define STDC_HEADERS 1
| #define HAVE_SYS_TYPES_H 1
| #define HAVE_SYS_STAT_H 1
| #define HAVE_STDLIB_H 1
| #define HAVE_STRING_H 1
| #define HAVE_MEMORY_H 1
| #define HAVE_STRINGS_H 1
| #define HAVE_INTTYPES_H 1
| #define HAVE_STDINT_H 1
| #define HAVE_UNISTD_H 1
| #define __EXTENSIONS__ 1
| #define _ALL_SOURCE 1
| #define _GNU_SOURCE 1
| #define _POSIX_PTHREAD_SEMANTICS 1
| #define _TANDEM_SOURCE 1
| #define HAVE_DLFCN_H 1
| #define ENABLE_NLS 1
| #define PACKAGE "gdb"
| #define DEBUGDIR "/usr/lib/debug"
| #define DEBUGDIR_RELOCATABLE 1
| #define BINDIR "/usr/bin"
| #define GDB_DATADIR "/usr/share/gdb"
| #define GDB_DATADIR_RELOCATABLE 1
| #define AUTO_LOAD_DIR "$debugdir:$datadir/auto-load"
| #define AUTO_LOAD_SAFE_PATH "$debugdir:$datadir/auto-load"
| #define DEFAULT_BFD_ARCH bfd_i386_arch
| #define DEFAULT_BFD_VEC x86_64_elf64_vec
| #define HAVE_MONSTARTUP 1
| #define HAVE__MCLEANUP 1
| #define HAVE__ETEXT 1
| #define HAVE_ETEXT 1
| #define PKGVERSION "(GDB) "
| #define REPORT_BUGS_TO "<http://www.gnu.org/software/gdb/bugs/>"
| #define HAVE_LIBM 1
| #define HAVE_ICONV 1
| #define ICONV_CONST 
| #define SIZEOF_UNSIGNED_LONG_LONG 8
| #define SIZEOF_UNSIGNED_LONG 8
| #define SIZEOF_UNSIGNED___INT128 16
| #define JIT_READER_DIR "/usr/lib/gdb"
| #define JIT_READER_DIR_RELOCATABLE 1
| /* end confdefs.h.  */
| #include "Python.h"
| int
| main ()
| {
| Py_Initialize ();
|   ;
|   return 0;
| }
configure:8431: result: no
configure:8617: WARNING: python is missing or unusable; some features may be unavailable.
configure:8782: checking whether to use guile
configure:8784: result: auto
configure:8789: checking for pkg-config
configure:8820: result: /bin/pkg-config
configure:8847: checking for usable guile from /bin/pkg-config
configure:8908: result: no
configure:9369: checking for ANSI C header files
configure:9473: result: yes
configure:9493: checking for nlist.h
configure:9493: result: yes
configure:9493: checking for machine/reg.h
configure:9493: result: no
configure:9493: checking for poll.h
configure:9493: result: yes
configure:9493: checking for sys/poll.h
configure:9493: result: yes
configure:9493: checking for proc_service.h
configure:9493: result: no
configure:9493: checking for thread_db.h
configure:9493: result: yes
configure:9493: checking for sys/fault.h
configure:9493: result: no
configure:9493: checking for sys/file.h
configure:9493: result: yes
configure:9493: checking for sys/filio.h
configure:9493: result: no
configure:9493: checking for sys/ioctl.h
configure:9493: result: yes
configure:9493: checking for sys/param.h
configure:9493: result: yes
configure:9493: checking for sys/resource.h
configure:9493: result: yes
configure:9493: checking for sys/procfs.h
configure:9493: result: yes
configure:9493: checking for sys/ptrace.h
configure:9493: result: yes
configure:9493: checking for ptrace.h
configure:9493: result: no
configure:9493: checking for sys/reg.h
configure:9493: result: yes
configure:9493: checking for sys/debugreg.h
configure:9493: result: yes
configure:9493: checking for sys/select.h
configure:9493: result: yes
configure:9493: checking for sys/syscall.h
configure:9493: result: yes
configure:9493: checking for termios.h
configure:9493: result: yes
configure:9493: checking for termio.h
configure:9493: result: yes
configure:9493: checking for sgtty.h
configure:9493: result: yes
configure:9493: checking for elf_hp.h
configure:9493: result: no
configure:9493: checking for dlfcn.h
configure:9493: result: yes
configure:9506: checking for sys/proc.h
configure:9506: result: no
configure:9522: checking for sys/user.h
configure:9522: result: yes
configure:9551: checking for curses.h
configure:9551: result: yes
configure:9551: checking for cursesX.h
configure:9551: result: no
configure:9551: checking for ncurses.h
configure:9551: result: yes
configure:9551: checking for ncurses/ncurses.h
configure:9551: result: yes
configure:9551: checking for ncurses/term.h
configure:9551: result: yes
configure:9564: checking for term.h
configure:9564: result: yes
configure:9583: checking whether free is declared
configure:9583: result: yes
configure:9593: checking whether malloc is declared
configure:9593: result: yes
configure:9603: checking whether realloc is declared
configure:9603: result: yes
configure:9613: checking whether snprintf is declared
configure:9613: result: yes
configure:9625: checking for LC_MESSAGES
configure:9649: result: yes
configure:9662: checking for struct stat.st_blocks
configure:9662: result: yes
configure:9671: checking for struct stat.st_blksize
configure:9671: result: yes
configure:9686: checking return type of signal handlers
configure:9711: result: void
configure:9719: checking for socklen_t
configure:9719: result: yes
configure:9737: checking for an ANSI C-conforming const
configure:9809: result: yes
configure:9817: checking for inline
configure:9841: result: inline
configure:9859: checking whether byte ordering is bigendian
configure:10065: result: no
configure:10091: checking for stdlib.h
configure:10091: result: yes
configure:10091: checking for unistd.h
configure:10091: result: yes
configure:10104: checking for getpagesize
configure:10104: result: yes
configure:10113: checking for working mmap
configure:10260: result: yes
configure:10269: checking for pid_t
configure:10269: result: yes
configure:10282: checking for vfork.h
configure:10282: result: no
configure:10295: checking for fork
configure:10295: result: yes
configure:10295: checking for vfork
configure:10295: result: yes
configure:10306: checking for working fork
configure:10338: result: yes
configure:10359: checking for working vfork
configure:10469: result: yes
configure:10503: checking for getrusage
configure:10503: result: yes
configure:10503: checking for getuid
configure:10503: result: yes
configure:10503: checking for getgid
configure:10503: result: yes
configure:10503: checking for pipe
configure:10503: result: yes
configure:10503: checking for poll
configure:10503: result: yes
configure:10503: checking for pread
configure:10503: result: yes
configure:10503: checking for pread64
configure:10503: result: yes
configure:10503: checking for pwrite
configure:10503: result: yes
configure:10503: checking for resize_term
configure:10503: result: yes
configure:10503: checking for sbrk
configure:10503: result: yes
configure:10503: checking for setpgid
configure:10503: result: yes
configure:10503: checking for setpgrp
configure:10503: result: yes
configure:10503: checking for setsid
configure:10503: result: yes
configure:10503: checking for sigaction
configure:10503: result: yes
configure:10503: checking for sigprocmask
configure:10503: result: yes
configure:10503: checking for sigsetmask
configure:10503: result: yes
configure:10503: checking for socketpair
configure:10503: result: yes
configure:10503: checking for ttrace
configure:10503: result: no
configure:10503: checking for wborder
configure:10503: result: yes
configure:10503: checking for wresize
configure:10503: result: yes
configure:10503: checking for setlocale
configure:10503: result: yes
configure:10503: checking for iconvlist
configure:10503: result: no
configure:10503: checking for libiconvlist
configure:10503: result: no
configure:10503: checking for btowc
configure:10503: result: yes
configure:10503: checking for setrlimit
configure:10503: result: yes
configure:10503: checking for getrlimit
configure:10503: result: yes
configure:10503: checking for posix_madvise
configure:10503: result: yes
configure:10503: checking for waitpid
configure:10503: result: yes
configure:10503: checking for ptrace64
configure:10503: result: no
configure:10503: checking for sigaltstack
configure:10503: result: yes
configure:10503: checking for mkdtemp
configure:10503: result: yes
configure:10514: checking for nl_langinfo and CODESET
configure:10539: result: yes
configure:10548: checking for ANSI C header files
configure:10652: result: yes
configure:10662: checking for working alloca.h
configure:10687: result: yes
configure:10695: checking for alloca
configure:10740: result: yes
configure:10852: checking for nl_langinfo and CODESET
configure:10877: result: yes
configure:10889: checking for linux/perf_event.h
configure:10889: result: yes
configure:10889: checking for locale.h
configure:10889: result: yes
configure:10889: checking for memory.h
configure:10889: result: yes
configure:10889: checking for signal.h
configure:10889: result: yes
configure:10889: checking for sys/resource.h
configure:10889: result: yes
configure:10889: checking for sys/socket.h
configure:10889: result: yes
configure:10889: checking for sys/syscall.h
configure:10889: result: yes
configure:10889: checking for sys/un.h
configure:10889: result: yes
configure:10889: checking for sys/wait.h
configure:10889: result: yes
configure:10889: checking for thread_db.h
configure:10889: result: yes
configure:10889: checking for wait.h
configure:10889: result: yes
configure:10904: checking for fdwalk
configure:10904: result: no
configure:10904: checking for getrlimit
configure:10904: result: yes
configure:10904: checking for pipe
configure:10904: result: yes
configure:10904: checking for pipe2
configure:10904: result: yes
configure:10904: checking for socketpair
configure:10904: result: yes
configure:10915: checking whether strerror is declared
configure:10915: result: yes
configure:10925: checking whether strstr is declared
configure:10925: result: yes
configure:10937: checking for sigsetjmp
configure:10962: result: yes
configure:10983: checking whether ptrace is declared
configure:10983: result: yes
configure:11005: checking return type of ptrace
configure:11044: result: long
configure:11052: checking types of arguments for ptrace
configure:11128: result: int,int,long,long
configure:11153: checking whether setpgrp takes no argument
configure:11185: result: yes
configure:11237: checking for GNU regex
configure:11263: result: yes
configure:11284: checking for struct thread.td_pcb
configure:11284: result: no
configure:11299: checking for struct lwp
configure:11323: result: no
configure:11332: checking for struct reg in machine/reg.h
configure:11356: result: no
configure:11366: checking for struct reg.r_fs
configure:11366: result: no
configure:11376: checking for struct reg.r_gs
configure:11376: result: no
configure:11391: checking for struct user_regs_struct.fs_base
configure:11391: result: yes
configure:11401: checking for struct user_regs_struct.gs_base
configure:11401: result: yes
configure:11414: checking for PTRACE_GETREGS
configure:11438: result: yes
configure:11447: checking for PTRACE_GETFPXREGS
configure:11471: result: yes
configure:11480: checking for PT_GETDBREGS
configure:11505: result: no
configure:11514: checking for PT_GETXMMREGS
configure:11539: result: no
configure:11571: checking for gregset_t in sys/procfs.h
configure:11605: result: no
configure:11608: checking for fpregset_t in sys/procfs.h
configure:11642: result: no
configure:11645: checking for prgregset_t in sys/procfs.h
configure:11679: result: yes
configure:11682: checking for prfpregset_t in sys/procfs.h
configure:11716: result: yes
configure:11719: checking for prgregset32_t in sys/procfs.h
configure:11753: result: no
configure:11756: checking for lwpid_t in sys/procfs.h
configure:11790: result: yes
configure:11793: checking for psaddr_t in sys/procfs.h
configure:11827: result: yes
configure:11830: checking for prsysent_t in sys/procfs.h
configure:11864: result: no
configure:11867: checking for pr_sigset_t in sys/procfs.h
configure:11901: result: no
configure:11904: checking for pr_sigaction64_t in sys/procfs.h
configure:11938: result: no
configure:11941: checking for pr_siginfo64_t in sys/procfs.h
configure:11975: result: no
configure:11983: checking whether prfpregset_t type is broken
configure:12012: result: no
configure:12024: checking for long long support in compiler
configure:12047: result: yes
configure:12056: checking for long long support in printf
configure:12092: result: yes
configure:12102: checking for decfloat support in printf
configure:12136: result: no
configure:12149: checking for long double support in compiler
configure:12165: result: yes
configure:12175: checking for long double support in printf
configure:12207: result: yes
configure:12217: checking for long double support in scanf
configure:12249: result: yes
configure:12300: checking for the dynamic export flag
configure:12323: gcc -o conftest -g -O2     -Wl,--dynamic-list=./proc-service.list conftest.c -ldl -lncurses -lm -ldl    >&5
configure:12323: $? = 0
configure:12375: result: -Wl,--dynamic-list
configure:12542: checking whether <thread_db.h> has TD_NOTALLOC
configure:12567: result: yes
configure:12569: checking whether <thread_db.h> has TD_VERSION
configure:12594: result: yes
configure:12596: checking whether <thread_db.h> has TD_NOTLS
configure:12621: result: yes
configure:12641: checking whether <sys/syscall.h> has __NR_tkill
configure:12666: result: yes
configure:12670: checking for syscall
configure:12670: result: yes
configure:12680: checking whether ADDR_NO_RANDOMIZE is declared
configure:12680: result: yes
configure:12738: gcc -o conftest -g -O2     conftest.c -ldl -lncurses -lm -ldl    >&5
configure:12738: $? = 0
configure:12738: ./conftest
configure:12738: $? = 0
configure:12933: checking compiler warning flags
configure:12954: gcc -c -g -O2 -Wall   conftest.c >&5
configure:12954: $? = 0
configure:12954: gcc -c -g -O2 -Wdeclaration-after-statement   conftest.c >&5
configure:12954: $? = 0
configure:12954: gcc -c -g -O2 -Wpointer-arith   conftest.c >&5
configure:12954: $? = 0
configure:12954: gcc -c -g -O2 -Wpointer-sign   conftest.c >&5
configure:12954: $? = 0
configure:12954: gcc -c -g -O2 -Wno-unused   conftest.c >&5
configure:12954: $? = 0
configure:12954: gcc -c -g -O2 -Wunused-value   conftest.c >&5
configure:12954: $? = 0
configure:12954: gcc -c -g -O2 -Wunused-function   conftest.c >&5
configure:12954: $? = 0
configure:12954: gcc -c -g -O2 -Wno-switch   conftest.c >&5
configure:12954: $? = 0
configure:12954: gcc -c -g -O2 -Wno-char-subscripts   conftest.c >&5
configure:12954: $? = 0
configure:12954: gcc -c -g -O2 -Wmissing-prototypes   conftest.c >&5
configure:12954: $? = 0
configure:12954: gcc -c -g -O2 -Wdeclaration-after-statement   conftest.c >&5
configure:12954: $? = 0
configure:12954: gcc -c -g -O2 -Wempty-body   conftest.c >&5
configure:12954: $? = 0
configure:12954: gcc -c -g -O2 -Wmissing-parameter-type   conftest.c >&5
configure:12954: $? = 0
configure:12954: gcc -c -g -O2 -Wold-style-declaration   conftest.c >&5
configure:12954: $? = 0
configure:12954: gcc -c -g -O2 -Wold-style-definition   conftest.c >&5
conftest.c: In function 'main':
conftest.c:172:1: warning: old-style function definition [-Wold-style-definition]
 main ()
 ^
configure:12954: $? = 0
configure:12954: gcc -c -g -O2 -Wformat-nonliteral   conftest.c >&5
cc1: warning: -Wformat-nonliteral ignored without -Wformat [-Wformat-nonliteral]
configure:12954: $? = 0
configure:12961: result:  -Wall -Wdeclaration-after-statement -Wpointer-arith -Wpointer-sign -Wno-unused -Wunused-value -Wunused-function -Wno-switch -Wno-char-subscripts -Wmissing-prototypes -Wdeclaration-after-statement -Wempty-body -Wmissing-parameter-type -Wold-style-declaration -Wold-style-definition -Wformat-nonliteral 
configure:12968: checking for cygwin
configure:12989: result: no
configure:13034: checking for ELF support in BFD
configure:13061: result: yes
configure:13073: checking for library containing dlopen
configure:13121: result: -ldl
configure:13144: checking for Mach-O support in BFD
configure:13171: result: no
configure:13192: checking for SOM support in BFD
configure:13219: result: no
configure:13241: checking whether to use lzma
configure:13243: result: auto
configure:13657: checking for liblzma
configure:13688: result: no
configure:14244: checking for X
configure:14422: result: no
configure:14572: checking whether gdbserver is supported on this host
configure:14575: result: yes
configure:14601: checking whether to use babeltrace
configure:14603: result: auto
configure:15028: checking for libbabeltrace
configure:15067: result: no
configure:15096: WARNING: babeltrace is missing or unusable; GDB is unable to read CTF data.
configure:15278: creating ./config.status

## ---------------- ##
## Cache variables. ##
## ---------------- ##

ac_cv_build=x86_64-unknown-linux-gnu
ac_cv_c_bigendian=no
ac_cv_c_compiler_gnu=yes
ac_cv_c_const=yes
ac_cv_c_inline=inline
ac_cv_env_CC_set=set
ac_cv_env_CC_value=gcc
ac_cv_env_CFLAGS_set=set
ac_cv_env_CFLAGS_value='-g -O2'
ac_cv_env_CPPFLAGS_set=
ac_cv_env_CPPFLAGS_value=
ac_cv_env_CPP_set=
ac_cv_env_CPP_value=
ac_cv_env_LDFLAGS_set=set
ac_cv_env_LDFLAGS_value=' '
ac_cv_env_LIBS_set=
ac_cv_env_LIBS_value=
ac_cv_env_MAKEINFOFLAGS_set=
ac_cv_env_MAKEINFOFLAGS_value=
ac_cv_env_MAKEINFO_set=set
ac_cv_env_MAKEINFO_value='/nfs/projects/zephyr/deadzone/ArmoredSoftware/llvm/gdb/mod1/gdb-7.9/missing makeinfo --split-size=5000000'
ac_cv_env_XMKMF_set=
ac_cv_env_XMKMF_value=
ac_cv_env_YACC_set=set
ac_cv_env_YACC_value='bison -y'
ac_cv_env_YFLAGS_set=
ac_cv_env_YFLAGS_value=
ac_cv_env_build_alias_set=set
ac_cv_env_build_alias_value=x86_64-unknown-linux-gnu
ac_cv_env_host_alias_set=set
ac_cv_env_host_alias_value=x86_64-unknown-linux-gnu
ac_cv_env_target_alias_set=set
ac_cv_env_target_alias_value=x86_64-unknown-linux-gnu
ac_cv_func__mcleanup=yes
ac_cv_func_alloca_works=yes
ac_cv_func_btowc=yes
ac_cv_func_dladdr=yes
ac_cv_func_fdwalk=no
ac_cv_func_fork=yes
ac_cv_func_fork_works=yes
ac_cv_func_getgid=yes
ac_cv_func_getpagesize=yes
ac_cv_func_getrlimit=yes
ac_cv_func_getrusage=yes
ac_cv_func_getuid=yes
ac_cv_func_iconvlist=no
ac_cv_func_libiconvlist=no
ac_cv_func_mkdtemp=yes
ac_cv_func_mmap_fixed_mapped=yes
ac_cv_func_monstartup=yes
ac_cv_func_pipe2=yes
ac_cv_func_pipe=yes
ac_cv_func_poll=yes
ac_cv_func_posix_madvise=yes
ac_cv_func_pread64=yes
ac_cv_func_pread=yes
ac_cv_func_ptrace64=no
ac_cv_func_pwrite=yes
ac_cv_func_resize_term=yes
ac_cv_func_sbrk=yes
ac_cv_func_setlocale=yes
ac_cv_func_setpgid=yes
ac_cv_func_setpgrp=yes
ac_cv_func_setpgrp_void=yes
ac_cv_func_setrlimit=yes
ac_cv_func_setsid=yes
ac_cv_func_sigaction=yes
ac_cv_func_sigaltstack=yes
ac_cv_func_sigprocmask=yes
ac_cv_func_sigsetmask=yes
ac_cv_func_socketpair=yes
ac_cv_func_syscall=yes
ac_cv_func_ttrace=no
ac_cv_func_vfork=yes
ac_cv_func_vfork_works=yes
ac_cv_func_waitpid=yes
ac_cv_func_wborder=yes
ac_cv_func_wctype=yes
ac_cv_func_wresize=yes
ac_cv_have_decl_ADDR_NO_RANDOMIZE=yes
ac_cv_have_decl_free=yes
ac_cv_have_decl_malloc=yes
ac_cv_have_decl_perror=yes
ac_cv_have_decl_ptrace=yes
ac_cv_have_decl_realloc=yes
ac_cv_have_decl_snprintf=yes
ac_cv_have_decl_strerror=yes
ac_cv_have_decl_strstr=yes
ac_cv_have_decl_vasprintf=yes
ac_cv_have_decl_vsnprintf=yes
ac_cv_have_x=have_x=no
ac_cv_header_arpa_inet_h=yes
ac_cv_header_cursesX_h=no
ac_cv_header_curses_h=yes
ac_cv_header_dlfcn_h=yes
ac_cv_header_elf_hp_h=no
ac_cv_header_fcntl_h=yes
ac_cv_header_inttypes_h=yes
ac_cv_header_libunwind_ia64_h=no
ac_cv_header_linux_elf_h=yes
ac_cv_header_linux_perf_event_h=yes
ac_cv_header_locale_h=yes
ac_cv_header_machine_reg_h=no
ac_cv_header_memory_h=yes
ac_cv_header_minix_config_h=no
ac_cv_header_ncurses_h=yes
ac_cv_header_ncurses_ncurses_h=yes
ac_cv_header_ncurses_term_h=yes
ac_cv_header_netdb_h=yes
ac_cv_header_netinet_in_h=yes
ac_cv_header_netinet_tcp_h=yes
ac_cv_header_nlist_h=yes
ac_cv_header_poll_h=yes
ac_cv_header_proc_service_h=no
ac_cv_header_pthread_h=yes
ac_cv_header_ptrace_h=no
ac_cv_header_sgtty_h=yes
ac_cv_header_signal_h=yes
ac_cv_header_stdc=yes
ac_cv_header_stdint_h=yes
ac_cv_header_stdlib_h=yes
ac_cv_header_string_h=yes
ac_cv_header_strings_h=yes
ac_cv_header_sys_debugreg_h=yes
ac_cv_header_sys_fault_h=no
ac_cv_header_sys_file_h=yes
ac_cv_header_sys_filio_h=no
ac_cv_header_sys_ioctl_h=yes
ac_cv_header_sys_param_h=yes
ac_cv_header_sys_poll_h=yes
ac_cv_header_sys_proc_h=no
ac_cv_header_sys_procfs_h=yes
ac_cv_header_sys_ptrace_h=yes
ac_cv_header_sys_reg_h=yes
ac_cv_header_sys_resource_h=yes
ac_cv_header_sys_select_h=yes
ac_cv_header_sys_socket_h=yes
ac_cv_header_sys_stat_h=yes
ac_cv_header_sys_syscall_h=yes
ac_cv_header_sys_types_h=yes
ac_cv_header_sys_un_h=yes
ac_cv_header_sys_user_h=yes
ac_cv_header_sys_wait_h=yes
ac_cv_header_term_h=yes
ac_cv_header_termio_h=yes
ac_cv_header_termios_h=yes
ac_cv_header_thread_db_h=yes
ac_cv_header_unistd_h=yes
ac_cv_header_vfork_h=no
ac_cv_header_wait_h=yes
ac_cv_header_windows_h=no
ac_cv_host=x86_64-unknown-linux-gnu
ac_cv_lib_dl_dlopen=yes
ac_cv_lib_m_main=yes
ac_cv_libbabeltrace=no
ac_cv_libexpat=no
ac_cv_liblzma=no
ac_cv_member_struct_reg_r_fs=no
ac_cv_member_struct_reg_r_gs=no
ac_cv_member_struct_stat_st_blksize=yes
ac_cv_member_struct_stat_st_blocks=yes
ac_cv_member_struct_thread_td_pcb=no
ac_cv_member_struct_user_regs_struct_fs_base=yes
ac_cv_member_struct_user_regs_struct_gs_base=yes
ac_cv_objext=o
ac_cv_path_EGREP='/bin/grep -E'
ac_cv_path_GREP=/bin/grep
ac_cv_path_pkg_config_prog_path=/bin/pkg-config
ac_cv_path_python_prog_path=/bin/python
ac_cv_prog_AR=ar
ac_cv_prog_AWK=gawk
ac_cv_prog_CC=gcc
ac_cv_prog_CPP='gcc -E'
ac_cv_prog_DLLTOOL=dlltool
ac_cv_prog_MAKE=make
ac_cv_prog_RANLIB=ranlib
ac_cv_prog_WINDRES=windres
ac_cv_prog_YACC='bison -y'
ac_cv_prog_cc_c89=
ac_cv_prog_cc_g=yes
ac_cv_prog_make_make_set=yes
ac_cv_safe_to_define___extensions__=yes
ac_cv_search_dlgetmodinfo=no
ac_cv_search_dlopen=-ldl
ac_cv_search_gethostbyname='none required'
ac_cv_search_socketpair='none required'
ac_cv_search_tgetent='none required'
ac_cv_search_waddstr=-lncurses
ac_cv_search_zlibVersion=no
ac_cv_sizeof_unsigned___int128=16
ac_cv_sizeof_unsigned_long=8
ac_cv_sizeof_unsigned_long_long=8
ac_cv_sys_file_offset_bits=no
ac_cv_sys_largefile_CC=no
ac_cv_target=x86_64-unknown-linux-gnu
ac_cv_type_Elf32_auxv_t=yes
ac_cv_type_Elf64_auxv_t=yes
ac_cv_type_pid_t=yes
ac_cv_type_signal=void
ac_cv_type_socklen_t=yes
ac_cv_var__etext=yes
ac_cv_var_etext=yes
ac_cv_working_alloca_h=yes
acl_cv_hardcode_direct=no
acl_cv_hardcode_libdir_flag_spec='${wl}-rpath ${wl}$libdir'
acl_cv_hardcode_libdir_separator=
acl_cv_hardcode_minus_L=no
acl_cv_libext=a
acl_cv_path_LD=ld
acl_cv_prog_gnu_ld=yes
acl_cv_rpath=done
acl_cv_shlibext=so
acl_cv_wl=-Wl,
am_cv_CC_dependencies_compiler_type=gcc3
am_cv_build_libiconv_path=
am_cv_func_iconv=yes
am_cv_langinfo_codeset=yes
am_cv_lib_iconv=no
am_cv_prog_cc_stdc=
am_cv_proto_iconv='extern size_t iconv (iconv_t cd, char * *inbuf, size_t *inbytesleft, char * *outbuf, size_t *outbytesleft);'
am_cv_proto_iconv_arg1=
am_cv_use_build_libiconv=no
am_cv_val_LC_MESSAGES=yes
bfd_cv_have_sys_procfs_type_elf_fpregset_t=yes
bfd_cv_have_sys_procfs_type_fpregset_t=no
bfd_cv_have_sys_procfs_type_gregset_t=no
bfd_cv_have_sys_procfs_type_lwpid_t=yes
bfd_cv_have_sys_procfs_type_pr_sigaction64_t=no
bfd_cv_have_sys_procfs_type_pr_siginfo64_t=no
bfd_cv_have_sys_procfs_type_pr_sigset_t=no
bfd_cv_have_sys_procfs_type_prfpregset_t=yes
bfd_cv_have_sys_procfs_type_prgregset32_t=no
bfd_cv_have_sys_procfs_type_prgregset_t=yes
bfd_cv_have_sys_procfs_type_prsysent_t=no
bfd_cv_have_sys_procfs_type_psaddr_t=yes
gdb_cv_c_long_double=yes
gdb_cv_c_long_long=yes
gdb_cv_func_ptrace_args=int,int,long,long
gdb_cv_func_ptrace_ret=long
gdb_cv_func_sigsetjmp=yes
gdb_cv_have_gnu_regex=yes
gdb_cv_have_makeinfo_click=no
gdb_cv_have_pt_getdbregs=no
gdb_cv_have_pt_getxmmregs=no
gdb_cv_have_ptrace_getfpxregs=yes
gdb_cv_have_ptrace_getregs=yes
gdb_cv_os_cygwin=no
gdb_cv_prfpregset_t_broken=no
gdb_cv_printf_has_decfloat=no
gdb_cv_printf_has_long_double=yes
gdb_cv_printf_has_long_long=yes
gdb_cv_scanf_has_long_double=yes
gdb_cv_struct_lwp=no
gdb_cv_struct_reg=no
gdb_cv_sys_syscall_h_has_tkill=yes
gdb_cv_thread_db_h_has_td_notalloc=yes
gdb_cv_thread_db_h_has_td_notls=yes
gdb_cv_thread_db_h_has_td_version=yes
gdb_cv_var_elf=yes
gdb_cv_var_macho=no
gdb_cv_var_som=no
gdbsrv_cv_have_personality=true
gdbsrv_cv_have_ptrace_getfpxregs=yes
gdbsrv_cv_have_ptrace_getregs=yes
gdbsrv_cv_have_sync_builtins=yes
gdbsrv_cv_have_td_version=yes
gdbsrv_cv_have_visibility_hidden=yes

## ----------------- ##
## Output variables. ##
## ----------------- ##

ALLOCA=''
AR='ar'
AWK='gawk'
CATALOGS=''
CATOBJEXT='.gmo'
CC='gcc'
CCDEPMODE='depmode=gcc3'
CFLAGS='-g -O2'
CONFIG_ALL=' all-po'
CONFIG_CLEAN=' clean-po'
CONFIG_DEPS=' $(SUBDIR_CLI_DEPS) $(SUBDIR_MI_DEPS) $(SUBDIR_TUI_DEPS)'
CONFIG_INSTALL=' install-po'
CONFIG_LDFLAGS=''
CONFIG_OBS=' $(SUBDIR_CLI_OBS) $(SUBDIR_MI_OBS) $(SUBDIR_TUI_OBS) python.o guile.o elfread.o stap-probe.o posix-hdep.o'
CONFIG_SRCS=' $(SUBDIR_CLI_SRCS) $(SUBDIR_MI_SRCS) $(SUBDIR_TUI_SRCS) python/python.c guile/guile.c'
CONFIG_UNINSTALL=' uninstall-po'
CPP='gcc -E'
CPPFLAGS=' '
DATADIRNAME='share'
DEBUGDIR='${exec_prefix}/lib/debug'
DEFS='-DHAVE_CONFIG_H'
DEPDIR='.deps'
DLLTOOL='dlltool'
ECHO_C=''
ECHO_N='-n'
ECHO_T=''
EGREP='/bin/grep -E'
ENABLE_CFLAGS=' $(SUBDIR_CLI_CFLAGS) $(SUBDIR_MI_CFLAGS) $(SUBDIR_TUI_CFLAGS)'
EXEEXT=''
GCORE_TRANSFORM_NAME='gcore'
GDBTKLIBS=''
GDBTK_CFLAGS=''
GDBTK_SRC_DIR=''
GDB_DATADIR='${datarootdir}/gdb'
GDB_NM_FILE='config/nm-linux.h'
GDB_TRANSFORM_NAME='gdb'
GENCAT='gencat'
GMAKE_FALSE='#'
GMAKE_TRUE=''
GMSGFMT='/bin/msgfmt'
GNULIB_STDINT_H=''
GREP='/bin/grep'
GUILD=''
GUILD_TARGET_FLAG=''
GUILE_CPPFLAGS=''
GUILE_LIBS=''
GUI_CFLAGS_X='-I./../libgui/src'
HAVE_GUILE_FALSE=''
HAVE_GUILE_TRUE='#'
HAVE_LIBBABELTRACE='no'
HAVE_LIBEXPAT='no'
HAVE_LIBLZMA='no'
HAVE_NATIVE_GCORE_TARGET='1'
HAVE_PYTHON_FALSE=''
HAVE_PYTHON_TRUE='#'
INCINTL=''
INSTALL_DATA='/bin/install -c -m 644'
INSTALL_PROGRAM='/bin/install -c'
INSTALL_SCRIPT='/bin/install -c'
INSTALL_STRIP_PROGRAM='$(install_sh) -c -s'
INSTOBJEXT='.mo'
JIT_READER_DIR='${exec_prefix}/lib/gdb'
LDFLAGS=' '
LIBBABELTRACE=''
LIBEXPAT=''
LIBGUI='../libgui/src/libgui.a'
LIBINTL=''
LIBINTL_DEP=''
LIBLZMA=''
LIBOBJS=''
LIBS='-ldl -ldl -lncurses -lm -ldl   '
LN_S='ln -s'
LTLIBBABELTRACE=''
LTLIBEXPAT=''
LTLIBLZMA=''
LTLIBOBJS=''
MAINT='#'
MAINTAINER_MODE_FALSE=''
MAINTAINER_MODE_TRUE='#'
MAKE='make'
MAKEINFO='/nfs/projects/zephyr/deadzone/ArmoredSoftware/llvm/gdb/mod1/gdb-7.9/missing makeinfo --split-size=5000000'
MAKEINFOFLAGS=''
MAKEINFO_EXTRA_FLAGS=''
MIG=''
OBJEXT='o'
PACKAGE='gdb'
PACKAGE_BUGREPORT=''
PACKAGE_NAME=''
PACKAGE_STRING=''
PACKAGE_TARNAME=''
PACKAGE_URL=''
PACKAGE_VERSION=''
PATH_SEPARATOR=':'
PKGVERSION='(GDB) '
POSUB='po'
PROFILE_CFLAGS=''
PYTHON_CFLAGS=''
PYTHON_CPPFLAGS=''
PYTHON_LIBS=''
RANLIB='ranlib'
RDYNAMIC='-Wl,--dynamic-list=$(srcdir)/proc-service.list'
READLINE='-lreadline'
READLINE_CFLAGS=''
READLINE_DEPS=''
READLINE_TEXI_INCFLAG=''
REPORT_BUGS_TEXI='@uref{http://www.gnu.org/software/gdb/bugs/}'
REPORT_BUGS_TO='<http://www.gnu.org/software/gdb/bugs/>'
SER_HARDWIRE='ser-base.o ser-unix.o ser-pipe.o ser-tcp.o'
SET_MAKE=''
SHELL='/bin/sh'
SIM=''
SIM_OBS=''
STRIP=''
SYSTEM_GDBINIT=''
TARGET_OBS=' amd64-tdep.o amd64-linux-tdep.o i386-tdep.o i387-tdep.o i386-linux-tdep.o glibc-tdep.o solib-svr4.o symfile-mem.o linux-tdep.o linux-record.o'
TARGET_PTR='unsigned long'
TARGET_SYSTEM_ROOT=''
TCL_BIN_DIR=''
TCL_DEPS=''
TCL_INCLUDE=''
TCL_LIBRARY=''
TCL_LIB_FILE=''
TCL_LIB_FLAG=''
TCL_LIB_SPEC=''
TCL_PATCH_LEVEL=''
TCL_SRC_DIR=''
TCL_STUB_LIB_FILE=''
TCL_STUB_LIB_FLAG=''
TCL_STUB_LIB_SPEC=''
TCL_VERSION=''
TK_BIN_DIR=''
TK_DEPS=''
TK_INCLUDE=''
TK_LIBRARY=''
TK_LIB_FILE=''
TK_LIB_FLAG=''
TK_LIB_SPEC=''
TK_SRC_DIR=''
TK_STUB_LIB_FILE=''
TK_STUB_LIB_FLAG=''
TK_STUB_LIB_SPEC=''
TK_VERSION=''
TK_XINCLUDES=''
USE_NLS='yes'
WARN_CFLAGS=' -Wall -Wdeclaration-after-statement -Wpointer-arith -Wpointer-sign -Wno-unused -Wunused-value -Wunused-function -Wno-switch -Wno-char-subscripts -Wmissing-prototypes -Wdeclaration-after-statement -Wempty-body -Wmissing-parameter-type -Wold-style-declaration -Wold-style-definition -Wformat-nonliteral'
WERROR_CFLAGS=''
WIN32LDAPP=''
WIN32LIBS=''
WINDRES='windres'
XGETTEXT='/bin/xgettext'
XMKMF=''
X_CFLAGS=''
X_LDFLAGS=''
X_LIBS=''
YACC='bison -y'
YFLAGS=''
ac_ct_CC=''
am__leading_dot='.'
bindir='${exec_prefix}/bin'
build='x86_64-unknown-linux-gnu'
build_alias='x86_64-unknown-linux-gnu'
build_cpu='x86_64'
build_os='linux-gnu'
build_vendor='unknown'
datadir='${datarootdir}'
datarootdir='${prefix}/share'
docdir='${datarootdir}/doc/${PACKAGE}'
dvidir='${docdir}'
exec_prefix='${prefix}'
frags=' ./config/i386/linux64.mh'
host='x86_64-unknown-linux-gnu'
host_alias='x86_64-unknown-linux-gnu'
host_cpu='x86_64'
host_os='linux-gnu'
host_vendor='unknown'
htmldir='${docdir}'
includedir='${prefix}/include'
infodir='${datarootdir}/info'
install_sh='${SHELL} /nfs/projects/zephyr/deadzone/ArmoredSoftware/ws/protocol/measurer/gdb-7.9/install-sh'
libdir='${exec_prefix}/lib'
libexecdir='${exec_prefix}/libexec'
localedir='${datadir}/locale'
localstatedir='${prefix}/var'
mandir='${datarootdir}/man'
oldincludedir='/usr/include'
pdfdir='${docdir}'
pkg_config_prog_path='/bin/pkg-config'
prefix='/usr'
program_transform_name='s,y,y,'
psdir='${docdir}'
python_prog_path='/bin/python'
sbindir='${exec_prefix}/sbin'
sharedstatedir='${prefix}/com'
subdirs=' testsuite gdbserver'
sysconfdir='${prefix}/etc'
target='x86_64-unknown-linux-gnu'
target_alias='x86_64-unknown-linux-gnu'
target_cpu='x86_64'
target_os='linux-gnu'
target_subdir=''
target_vendor='unknown'

## ------------------- ##
## File substitutions. ##
## ------------------- ##

host_makefile_frag='./config/i386/linux64.mh'

## ----------- ##
## confdefs.h. ##
## ----------- ##

/* confdefs.h */
#define PACKAGE_NAME ""
#define PACKAGE_TARNAME ""
#define PACKAGE_VERSION ""
#define PACKAGE_STRING ""
#define PACKAGE_BUGREPORT ""
#define PACKAGE_URL ""
#define STDC_HEADERS 1
#define HAVE_SYS_TYPES_H 1
#define HAVE_SYS_STAT_H 1
#define HAVE_STDLIB_H 1
#define HAVE_STRING_H 1
#define HAVE_MEMORY_H 1
#define HAVE_STRINGS_H 1
#define HAVE_INTTYPES_H 1
#define HAVE_STDINT_H 1
#define HAVE_UNISTD_H 1
#define __EXTENSIONS__ 1
#define _ALL_SOURCE 1
#define _GNU_SOURCE 1
#define _POSIX_PTHREAD_SEMANTICS 1
#define _TANDEM_SOURCE 1
#define HAVE_DLFCN_H 1
#define ENABLE_NLS 1
#define PACKAGE "gdb"
#define DEBUGDIR "/usr/lib/debug"
#define DEBUGDIR_RELOCATABLE 1
#define BINDIR "/usr/bin"
#define GDB_DATADIR "/usr/share/gdb"
#define GDB_DATADIR_RELOCATABLE 1
#define AUTO_LOAD_DIR "$debugdir:$datadir/auto-load"
#define AUTO_LOAD_SAFE_PATH "$debugdir:$datadir/auto-load"
#define DEFAULT_BFD_ARCH bfd_i386_arch
#define DEFAULT_BFD_VEC x86_64_elf64_vec
#define HAVE_MONSTARTUP 1
#define HAVE__MCLEANUP 1
#define HAVE__ETEXT 1
#define HAVE_ETEXT 1
#define PKGVERSION "(GDB) "
#define REPORT_BUGS_TO "<http://www.gnu.org/software/gdb/bugs/>"
#define HAVE_LIBM 1
#define HAVE_ICONV 1
#define ICONV_CONST 
#define SIZEOF_UNSIGNED_LONG_LONG 8
#define SIZEOF_UNSIGNED_LONG 8
#define SIZEOF_UNSIGNED___INT128 16
#define JIT_READER_DIR "/usr/lib/gdb"
#define JIT_READER_DIR_RELOCATABLE 1
#define STDC_HEADERS 1
#define HAVE_NLIST_H 1
#define HAVE_POLL_H 1
#define HAVE_SYS_POLL_H 1
#define HAVE_THREAD_DB_H 1
#define HAVE_SYS_FILE_H 1
#define HAVE_SYS_IOCTL_H 1
#define HAVE_SYS_PARAM_H 1
#define HAVE_SYS_RESOURCE_H 1
#define HAVE_SYS_PROCFS_H 1
#define HAVE_SYS_PTRACE_H 1
#define HAVE_SYS_REG_H 1
#define HAVE_SYS_DEBUGREG_H 1
#define HAVE_SYS_SELECT_H 1
#define HAVE_SYS_SYSCALL_H 1
#define HAVE_TERMIOS_H 1
#define HAVE_TERMIO_H 1
#define HAVE_SGTTY_H 1
#define HAVE_DLFCN_H 1
#define HAVE_SYS_USER_H 1
#define HAVE_CURSES_H 1
#define HAVE_NCURSES_H 1
#define HAVE_NCURSES_NCURSES_H 1
#define HAVE_NCURSES_TERM_H 1
#define HAVE_TERM_H 1
#define HAVE_DECL_FREE 1
#define HAVE_DECL_MALLOC 1
#define HAVE_DECL_REALLOC 1
#define HAVE_DECL_SNPRINTF 1
#define HAVE_LC_MESSAGES 1
#define HAVE_STRUCT_STAT_ST_BLOCKS 1
#define HAVE_STRUCT_STAT_ST_BLKSIZE 1
#define RETSIGTYPE void
#define HAVE_SOCKLEN_T 1
#define HAVE_STDLIB_H 1
#define HAVE_UNISTD_H 1
#define HAVE_GETPAGESIZE 1
#define HAVE_MMAP 1
#define HAVE_FORK 1
#define HAVE_VFORK 1
#define HAVE_WORKING_VFORK 1
#define HAVE_WORKING_FORK 1
#define HAVE_GETRUSAGE 1
#define HAVE_GETUID 1
#define HAVE_GETGID 1
#define HAVE_PIPE 1
#define HAVE_POLL 1
#define HAVE_PREAD 1
#define HAVE_PREAD64 1
#define HAVE_PWRITE 1
#define HAVE_RESIZE_TERM 1
#define HAVE_SBRK 1
#define HAVE_SETPGID 1
#define HAVE_SETPGRP 1
#define HAVE_SETSID 1
#define HAVE_SIGACTION 1
#define HAVE_SIGPROCMASK 1
#define HAVE_SIGSETMASK 1
#define HAVE_SOCKETPAIR 1
#define HAVE_WBORDER 1
#define HAVE_WRESIZE 1
#define HAVE_SETLOCALE 1
#define HAVE_BTOWC 1
#define HAVE_SETRLIMIT 1
#define HAVE_GETRLIMIT 1
#define HAVE_POSIX_MADVISE 1
#define HAVE_WAITPID 1
#define HAVE_SIGALTSTACK 1
#define HAVE_MKDTEMP 1
#define HAVE_LANGINFO_CODESET 1
#define STDC_HEADERS 1
#define HAVE_ALLOCA_H 1
#define HAVE_ALLOCA 1
#define HAVE_LANGINFO_CODESET 1
#define HAVE_LINUX_PERF_EVENT_H 1
#define HAVE_LOCALE_H 1
#define HAVE_MEMORY_H 1
#define HAVE_SIGNAL_H 1
#define HAVE_SYS_RESOURCE_H 1
#define HAVE_SYS_SOCKET_H 1
#define HAVE_SYS_SYSCALL_H 1
#define HAVE_SYS_UN_H 1
#define HAVE_SYS_WAIT_H 1
#define HAVE_THREAD_DB_H 1
#define HAVE_WAIT_H 1
#define HAVE_GETRLIMIT 1
#define HAVE_PIPE 1
#define HAVE_PIPE2 1
#define HAVE_SOCKETPAIR 1
#define HAVE_DECL_STRERROR 1
#define HAVE_DECL_STRSTR 1
#define HAVE_SIGSETJMP 1
#define HAVE_DECL_PTRACE 1
#define PTRACE_TYPE_RET long
#define PTRACE_TYPE_ARG3 long
#define PTRACE_TYPE_ARG4 long
#define SETPGRP_VOID 1
#define HAVE_STRUCT_USER_REGS_STRUCT_FS_BASE 1
#define HAVE_STRUCT_USER_REGS_STRUCT_GS_BASE 1
#define HAVE_PTRACE_GETREGS 1
#define HAVE_PTRACE_GETFPXREGS 1
#define HAVE_PRGREGSET_T 1
#define HAVE_PRFPREGSET_T 1
#define HAVE_LWPID_T 1
#define HAVE_PSADDR_T 1
#define PRINTF_HAS_LONG_LONG 1
#define HAVE_LONG_DOUBLE 1
#define PRINTF_HAS_LONG_DOUBLE 1
#define SCANF_HAS_LONG_DOUBLE 1
#define THREAD_DB_HAS_TD_NOTALLOC 1
#define THREAD_DB_HAS_TD_VERSION 1
#define THREAD_DB_HAS_TD_NOTLS 1
#define HAVE_TKILL_SYSCALL 1
#define HAVE_DECL_ADDR_NO_RANDOMIZE 1
#define HAVE_PERSONALITY 1
#define GDBINIT ".gdbinit"
#define TARGET_SYSTEM_ROOT ""
#define TARGET_SYSTEM_ROOT_RELOCATABLE 0
#define SYSTEM_GDBINIT ""
#define SYSTEM_GDBINIT_RELOCATABLE 0
#define HAVE_ELF 1
#define GDB_HOST_FLOAT_FORMAT 0
#define GDB_HOST_DOUBLE_FORMAT 0
#define GDB_HOST_LONG_DOUBLE_FORMAT 0
#define GDB_OSABI_DEFAULT GDB_OSABI_LINUX
#define GDB_NM_FILE "config/nm-linux.h"
#define GDB_DEFAULT_HOST_CHARSET "UTF-8"

configure: exit 0

## ---------------------- ##
## Running config.status. ##
## ---------------------- ##

This file was extended by config.status, which was
generated by GNU Autoconf 2.64.  Invocation command line was

  CONFIG_FILES    = Makefile
  CONFIG_HEADERS  = 
  CONFIG_LINKS    = 
  CONFIG_COMMANDS = 
  $ config.status 

on frosting.ittc.ku.edu

config.status:1158: creating Makefile
config.status:1355: linking config/nm-linux.h to nm.h

## ---------------------- ##
## Running config.status. ##
## ---------------------- ##

This file was extended by config.status, which was
generated by GNU Autoconf 2.64.  Invocation command line was

  CONFIG_FILES    = 
  CONFIG_HEADERS  = 
  CONFIG_LINKS    = 
  CONFIG_COMMANDS = 
  $ ./config.status doc/Makefile

on frosting.ittc.ku.edu

config.status:1158: creating doc/Makefile

## ---------------------- ##
## Running config.status. ##
## ---------------------- ##

This file was extended by config.status, which was
generated by GNU Autoconf 2.64.  Invocation command line was

  CONFIG_FILES    = data-directory/Makefile
  CONFIG_HEADERS  = 
  CONFIG_LINKS    = 
  CONFIG_COMMANDS = depfiles
  $ config.status 

on frosting.ittc.ku.edu

config.status:1158: creating data-directory/Makefile
config.status:1374: executing depfiles commands

## ---------------------- ##
## Running config.status. ##
## ---------------------- ##

This file was extended by config.status, which was
generated by GNU Autoconf 2.64.  Invocation command line was

  CONFIG_FILES    = 
  CONFIG_HEADERS  = config.h:config.in
  CONFIG_LINKS    = 
  CONFIG_COMMANDS = default depdir
  $ config.status 

on frosting.ittc.ku.edu

config.status:1158: creating config.h
config.status:1329: config.h is unchanged
config.status:1374: executing default commands
config.status:1374: executing depdir commands

## ---------------------- ##
## Running config.status. ##
## ---------------------- ##

This file was extended by config.status, which was
generated by GNU Autoconf 2.64.  Invocation command line was

  CONFIG_FILES    = 
  CONFIG_HEADERS  = 
  CONFIG_LINKS    = 
  CONFIG_COMMANDS = 
  $ config.status jit-reader.h

on frosting.ittc.ku.edu

config.status:1158: creating jit-reader.h

## ---------------------- ##
## Running config.status. ##
## ---------------------- ##

This file was extended by config.status, which was
generated by GNU Autoconf 2.64.  Invocation command line was

  CONFIG_FILES    = 
  CONFIG_HEADERS  = 
  CONFIG_LINKS    = 
  CONFIG_COMMANDS = 
  $ config.status gcore

on frosting.ittc.ku.edu

config.status:1158: creating gcore
