#
# A fatal error has been detected by the Java Runtime Environment:
#
#  Internal Error (/root/Research/hotspot/src/os_cpu/linux_x86/vm/threadLS_linux_x86.cpp:88), pid=17492, tid=7990128
#  assert(thread == NULL || _sp_map[(uintptr_t)p >> PAGE_SHIFT] == NULL || thread == _sp_map[(uintptr_t)p >> PAGE_SHIFT]) failed: thread exited without detaching from VM??
#
# JRE version: 6.0_45-b06
# Java VM: OpenJDK Client VM (21.0-b17-internal-jvmg mixed mode linux-x86 )
# Failed to write core dump. Core dumps have been disabled. To enable core dumping, try "ulimit -c unlimited" before starting Java again
#
# If you would like to submit a bug report, please visit:
#   http://bugreport.sun.com/bugreport/crash.jsp
#

---------------  T H R E A D  ---------------

Current thread (0xe0f03c00):  JavaThread "Unknown thread" [_thread_new, id=0, stack(0x00000000,0x00000000)]

Stack: 
[error occurred during error reporting (printing stack bounds), id 0xe0000000]

Native frames: (J=compiled Java code, j=interpreted, Vv=VM code, C=native code)
V  [libjvm.so+0x59e1a3]  VMError::report(outputStream*)+0xc4b
V  [libjvm.so+0x59f1e9]  VMError::report_and_die()+0x64b
V  [libjvm.so+0x2405c4]  report_vm_error(char const*, int, char const*, char const*)+0x70
V  [libjvm.so+0x26e8e9]  Thread::stack_base() const+0x3f
V  [libjvm.so+0x59e023]  VMError::report(outputStream*)+0xacb
V  [libjvm.so+0x59f1e9]  VMError::report_and_die()+0x64b
V  [libjvm.so+0x2405c4]  report_vm_error(char const*, int, char const*, char const*)+0x70
V  [libjvm.so+0x56af85]  ThreadLocalStorage::pd_set_thread(Thread*)+0x89
V  [libjvm.so+0x56c810]  ThreadLocalStorage::set_thread(Thread*)+0x1e
V  [libjvm.so+0x48fc90]  java_start(Thread*)+0x4d
C  [libpthread.so.0+0x6b39]  start_thread+0xc9


---------------  P R O C E S S  ---------------

Java Threads: ( => current thread )
  0xe1019c00 JavaThread "Low Memory Detector" daemon [_thread_blocked, id=17499, stack(0x00565000,0x005b6000)]
  0xe1017800 JavaThread "C1 CompilerThread0" daemon [_thread_blocked, id=17498, stack(0x005f1000,0x00672000)]
  0xe1015800 JavaThread "Signal Dispatcher" daemon [_thread_in_vm, id=17497, stack(0x004f0000,0x00541000)]
  0xf76b4000 JavaThread "Finalizer" daemon [_thread_blocked, id=17496, stack(0x0049f000,0x004f0000)]
  0xf76b2000 JavaThread "Reference Handler" daemon [_thread_blocked, id=17495, stack(0x0044e000,0x0049f000)]
  0xf7617c00 JavaThread "main" [_thread_blocked, id=17493, stack(0xf779d000,0xf77ee000)]

Other Threads:
  0xf769d000 VMThread [stack: 0x003cd000,0x0044e000] [id=17494]
  0xe101cc00 WatcherThread [stack: 0x0069d000,0x0071e000] [id=17500]

=>0xe0f03c00 (exited) JavaThread "Unknown thread" [_thread_new, id=0, stack(0x00000000,0x00000000)]

VM state:not at safepoint (normal execution)

VM Mutex/Monitor currently owned by a thread:  ([mutex/lock_event])
[0xf7615c00] Threads_lock - owner thread: 0xe1015800

Heap
 def new generation   total 4928K, used 450K [0xe1600000, 0xe1b50000, 0xe6b50000)
  eden space 4416K,  10% used [0xe1600000, 0xe16708a8, 0xe1a50000)
  from space 512K,   0% used [0xe1a50000, 0xe1a50000, 0xe1ad0000)
  to   space 512K,   0% used [0xe1ad0000, 0xe1ad0000, 0xe1b50000)
 tenured generation   total 10944K, used 0K [0xe6b50000, 0xe7600000, 0xf1600000)
   the space 10944K,   0% used [0xe6b50000, 0xe6b50000, 0xe6b50200, 0xe7600000)
 compacting perm gen  total 12288K, used 1495K [0xf1600000, 0xf2200000, 0xf5600000)
   the space 12288K,  12% used [0xf1600000, 0xf1775cc8, 0xf1775e00, 0xf2200000)
No shared spaces configured.

Code Cache  [0xf5600000, 0xf56f0000, 0xf7600000)
 total_blobs=122 nmethods=3 adapters=62 free_code_cache=31809Kb largest_free_block=32573056

Dynamic libraries:
00184000-001ac000 r-xp 00000000 fd:00 3761                               /lib/libm-2.12.so
001ac000-001ad000 r--p 00027000 fd:00 3761                               /lib/libm-2.12.so
001ad000-001ae000 rw-p 00028000 fd:00 3761                               /lib/libm-2.12.so
001ae000-0033e000 r-xp 00000000 fd:00 3753                               /lib/libc-2.12.so
0033e000-00340000 r--p 00190000 fd:00 3753                               /lib/libc-2.12.so
00340000-00341000 rw-p 00192000 fd:00 3753                               /lib/libc-2.12.so
00341000-00344000 rw-p 00000000 00:00 0 
00344000-0034b000 r-xp 00000000 fd:00 3781                               /lib/librt-2.12.so
0034b000-0034c000 r--p 00006000 fd:00 3781                               /lib/librt-2.12.so
0034c000-0034d000 rw-p 00007000 fd:00 3781                               /lib/librt-2.12.so
0034d000-00371000 r-xp 00000000 fd:00 530983                             /root/Research/jdk1.6.0_45/jre/lib/i386/libjava.so
00371000-00373000 rw-p 00023000 fd:00 530983                             /root/Research/jdk1.6.0_45/jre/lib/i386/libjava.so
00373000-0038a000 r-xp 00000000 fd:00 3763                               /lib/libnsl-2.12.so
0038a000-0038b000 r--p 00016000 fd:00 3763                               /lib/libnsl-2.12.so
0038b000-0038c000 rw-p 00017000 fd:00 3763                               /lib/libnsl-2.12.so
0038c000-0038e000 rw-p 00000000 00:00 0 
0038e000-0039a000 r-xp 00000000 fd:00 3769                               /lib/libnss_files-2.12.so
0039a000-0039b000 r--p 0000b000 fd:00 3769                               /lib/libnss_files-2.12.so
0039b000-0039c000 rw-p 0000c000 fd:00 3769                               /lib/libnss_files-2.12.so
0039c000-003ab000 r-xp 00000000 fd:00 530982                             /root/Research/jdk1.6.0_45/jre/lib/i386/libzip.so
003ab000-003ad000 rw-p 0000e000 fd:00 530982                             /root/Research/jdk1.6.0_45/jre/lib/i386/libzip.so
003c8000-003cb000 r-xp 00000000 fd:00 3759                               /lib/libdl-2.12.so
003cb000-003cc000 r--p 00002000 fd:00 3759                               /lib/libdl-2.12.so
003cc000-003cd000 rw-p 00003000 fd:00 3759                               /lib/libdl-2.12.so
003cd000-003ce000 ---p 00000000 00:00 0 
003ce000-0044e000 rwxp 00000000 00:00 0 
0044e000-00451000 ---p 00000000 00:00 0 
00451000-0049f000 rwxp 00000000 00:00 0 
0049f000-004a2000 ---p 00000000 00:00 0 
004a2000-004f0000 rwxp 00000000 00:00 0 
004f0000-004f3000 ---p 00000000 00:00 0 
004f3000-00541000 rwxp 00000000 00:00 0 
00564000-00565000 r-xp 00000000 00:00 0                                  [vdso]
00565000-00568000 ---p 00000000 00:00 0 
00568000-005b6000 rwxp 00000000 00:00 0 
005d6000-005ed000 r-xp 00000000 fd:00 3777                               /lib/libpthread-2.12.so
005ed000-005ee000 r--p 00016000 fd:00 3777                               /lib/libpthread-2.12.so
005ee000-005ef000 rw-p 00017000 fd:00 3777                               /lib/libpthread-2.12.so
005ef000-005f1000 rw-p 00000000 00:00 0 
005f1000-005f4000 ---p 00000000 00:00 0 
005f4000-00672000 rwxp 00000000 00:00 0 
00691000-0069c000 r-xp 00000000 fd:00 531005                             /root/Research/jdk1.6.0_45/jre/lib/i386/libverify.so
0069c000-0069d000 rw-p 0000b000 fd:00 531005                             /root/Research/jdk1.6.0_45/jre/lib/i386/libverify.so
0069d000-0069e000 ---p 00000000 00:00 0 
0069e000-0071e000 rwxp 00000000 00:00 0 
0071e000-0071f000 ---p 00000000 00:00 0 
0071f000-0079f000 rwxp 00000000 00:00 0 
00840000-0085e000 r-xp 00000000 fd:00 3746                               /lib/ld-2.12.so
0085e000-0085f000 r--p 0001d000 fd:00 3746                               /lib/ld-2.12.so
0085f000-00860000 rw-p 0001e000 fd:00 3746                               /lib/ld-2.12.so
00860000-0103b000 r-xp 00000000 fd:00 270203                             /root/Research/hotspot/build/linux/linux_i486_compiler1/jvmg/libjvm.so
0103b000-0105d000 rw-p 007db000 fd:00 270203                             /root/Research/hotspot/build/linux/linux_i486_compiler1/jvmg/libjvm.so
0105d000-014cb000 rw-p 00000000 00:00 0 
08048000-0804e000 r-xp 00000000 fd:00 270217                             /root/Research/hotspot/build/linux/linux_i486_compiler1/jvmg/gamma
0804e000-0804f000 rw-p 00005000 fd:00 270217                             /root/Research/hotspot/build/linux/linux_i486_compiler1/jvmg/gamma
093ed000-0940e000 rw-p 00000000 00:00 0                                  [heap]
e0d00000-e0f00000 r--p 00000000 fd:00 142388                             /usr/lib/locale/locale-archive
e0f00000-e0f21000 rw-p 00000000 00:00 0 
e0f21000-e1000000 ---p 00000000 00:00 0 
e1000000-e1087000 rw-p 00000000 00:00 0 
e1087000-e1100000 ---p 00000000 00:00 0 
e1100000-e1180000 rw-p 00000000 00:00 0 
e1180000-e1200000 ---p 00000000 00:00 0 
e12f3000-e1327000 rw-p 00000000 00:00 0 
e1327000-e14c0000 r--s 03087000 fd:00 531200                             /root/Research/jdk1.6.0_45/jre/lib/rt.jar
e14c0000-e14ef000 rw-p 00000000 00:00 0 
e14ef000-e1509000 rw-p 00000000 00:00 0 
e1509000-e150f000 rw-p 00000000 00:00 0 
e150f000-e155f000 rw-p 00000000 00:00 0 
e155f000-e1562000 rw-p 00000000 00:00 0 
e1562000-e1589000 rw-p 00000000 00:00 0 
e1589000-e158f000 rw-p 00000000 00:00 0 
e158f000-e15df000 rw-p 00000000 00:00 0 
e15df000-e15e5000 rw-p 00000000 00:00 0 
e15e5000-e15ff000 rw-p 00000000 00:00 0 
e15ff000-e1b50000 rw-p 00000000 00:00 0 
e1b50000-e6b50000 rw-p 00000000 00:00 0 
e6b50000-e7600000 rw-p 00000000 00:00 0 
e7600000-f1600000 rw-p 00000000 00:00 0 
f1600000-f2200000 rw-p 00000000 00:00 0 
f2200000-f5600000 rw-p 00000000 00:00 0 
f5600000-f56f0000 rwxp 00000000 00:00 0 
f56f0000-f76fe000 rw-p 00000000 00:00 0 
f76fe000-f7700000 ---p 00000000 00:00 0 
f7715000-f7719000 rw-p 00000000 00:00 0 
f7719000-f7795000 rw-p 00000000 00:00 0 
f7795000-f779d000 rw-s 00000000 fd:00 143134                             /tmp/hsperfdata_root/17492
f779d000-f77a0000 ---p 00000000 00:00 0 
f77a0000-f77ee000 rwxp 00000000 00:00 0 
f77ee000-f77f0000 rw-p 00000000 00:00 0 
f77f2000-f77f3000 r--s 00000000 fd:00 403036                             /root/Research/benchmarks/loop/ControlVar.jar
f77f3000-f77f5000 rw-p 00000000 00:00 0 
f77f5000-f77f6000 r--p 00000000 00:00 0 
f77f6000-f77f8000 rw-p 00000000 00:00 0 
fff97000-fffac000 rwxp 00000000 00:00 0                                  [stack]

VM Arguments:
java_command: /root/Research/benchmarks/loop/ControlVar.jar
Launcher Type: gamma

Environment Variables:
JAVA_HOME=/root/Research/jdk1.6.0_45
PATH=/root/Research/jdk1.6.0_45/bin:/usr/local/sbin:/usr/local/bin:/sbin:/bin:/usr/sbin:/usr/bin:/root/bin
LD_LIBRARY_PATH=:/root/Research/hotspot/build/linux/linux_i486_compiler1/jvmg
SHELL=/bin/bash

Signal Handlers:
SIGSEGV: [libjvm.so+0x59fad6], sa_mask[0]=0x7ffbfeff, sa_flags=0x10000004
SIGBUS: [libjvm.so+0x59fad6], sa_mask[0]=0x7ffbfeff, sa_flags=0x10000004
SIGFPE: [libjvm.so+0x495223], sa_mask[0]=0x7ffbfeff, sa_flags=0x10000004
SIGPIPE: [libjvm.so+0x495223], sa_mask[0]=0x7ffbfeff, sa_flags=0x10000004
SIGXFSZ: [libjvm.so+0x495223], sa_mask[0]=0x7ffbfeff, sa_flags=0x10000004
SIGILL: [libjvm.so+0x495223], sa_mask[0]=0x7ffbfeff, sa_flags=0x10000004
SIGUSR1: [libjvm.so+0x492b59], sa_mask[0]=0x7ffbfeff, sa_flags=0x10000004
SIGUSR2: [libjvm.so+0x494b14], sa_mask[0]=0x00000000, sa_flags=0x10000004
SIGHUP: [libjvm.so+0x492b59], sa_mask[0]=0x7ffbfeff, sa_flags=0x10000004
SIGINT: [libjvm.so+0x492b59], sa_mask[0]=0x7ffbfeff, sa_flags=0x10000004
SIGTERM: [libjvm.so+0x492b59], sa_mask[0]=0x7ffbfeff, sa_flags=0x10000004
SIGQUIT: [libjvm.so+0x492b59], sa_mask[0]=0x7ffbfeff, sa_flags=0x10000004


---------------  S Y S T E M  ---------------

OS:CentOS release 6.5 (Final)

uname:Linux 2.6.32-431.el6.x86_64 #1 SMP Fri Nov 22 03:15:09 UTC 2013 x86_64
libc:glibc 2.12 NPTL 2.12 
rlimit: STACK 10240k, CORE 0k, NPROC 14567, NOFILE 4096, AS infinity
load average:0.00 0.00 0.02

/proc/meminfo:
MemTotal:        1914140 kB
MemFree:         1251380 kB
Buffers:           25656 kB
Cached:           508832 kB
SwapCached:           72 kB
Active:           490820 kB
Inactive:          90204 kB
Active(anon):      38716 kB
Inactive(anon):     7956 kB
Active(file):     452104 kB
Inactive(file):    82248 kB
Unevictable:           0 kB
Mlocked:               0 kB
SwapTotal:        626680 kB
SwapFree:         626608 kB
Dirty:                36 kB
Writeback:             0 kB
AnonPages:         46460 kB
Mapped:            13776 kB
Shmem:               136 kB
Slab:              57340 kB
SReclaimable:      38120 kB
SUnreclaim:        19220 kB
KernelStack:         760 kB
PageTables:         2112 kB
NFS_Unstable:          0 kB
Bounce:                0 kB
WritebackTmp:          0 kB
CommitLimit:     1583748 kB
Committed_AS:     112176 kB
VmallocTotal:   34359738367 kB
VmallocUsed:        9368 kB
VmallocChunk:   34359727768 kB
HardwareCorrupted:     0 kB
AnonHugePages:         0 kB
HugePages_Total:       0
HugePages_Free:        0
HugePages_Rsvd:        0
HugePages_Surp:        0
Hugepagesize:       2048 kB
DirectMap4k:     2097152 kB
DirectMap2M:           0 kB


CPU:total 2 (4 cores per cpu, 2 threads per core) family 6 model 26 stepping 5, cmov, cx8, fxsr, mmx, sse, sse2, sse3, ssse3, sse4.1, sse4.2, popcnt, ht

Memory: 4k page, physical 1914140k(1251380k free), swap 626680k(626608k free)

vm_info: OpenJDK Client VM (21.0-b17-internal-jvmg) for linux-x86 JRE (1.7.0), built on Nov  6 2014 08:13:57 by "root" with gcc 4.4.7 20120313 (Red Hat 4.4.7-11)

time: Thu Nov  6 08:25:28 2014
elapsed time: 25 seconds

