This file contains any messages produced by compilers while
running configure, to aid debugging if configure makes a mistake.

It was created by Haskell editline package configure 1.0, which was
generated by GNU Autoconf 2.69.  Invocation command line was

  $ ./configure --with-compiler=ghc --prefix=/Users/adampetz/Documents/haskTPMLocal/mainline/.cabal-sandbox --bindir=/Users/adampetz/Documents/haskTPMLocal/mainline/.cabal-sandbox/bin --libdir=/Users/adampetz/Documents/haskTPMLocal/mainline/.cabal-sandbox/lib --libexecdir=/Users/adampetz/Documents/haskTPMLocal/mainline/.cabal-sandbox/libexec --datadir=/Users/adampetz/Documents/haskTPMLocal/mainline/.cabal-sandbox/share --sysconfdir=/Users/adampetz/Documents/haskTPMLocal/mainline/.cabal-sandbox/etc --with-gcc=/usr/bin/gcc

## --------- ##
## Platform. ##
## --------- ##

hostname = wifi-238.ittc.ku.edu
uname -m = x86_64
uname -r = 13.3.0
uname -s = Darwin
uname -v = Darwin Kernel Version 13.3.0: Tue Jun  3 21:27:35 PDT 2014; root:xnu-2422.110.17~1/RELEASE_X86_64

/usr/bin/uname -p = i386
/bin/uname -X     = unknown

/bin/arch              = unknown
/usr/bin/arch -k       = unknown
/usr/convex/getsysinfo = unknown
/usr/bin/hostinfo      = Mach kernel version:
	 Darwin Kernel Version 13.3.0: Tue Jun  3 21:27:35 PDT 2014; root:xnu-2422.110.17~1/RELEASE_X86_64
Kernel configured for up to 8 processors.
4 processors are physically available.
8 processors are logically available.
Processor type: i486 (Intel 80486)
Processors active: 0 1 2 3 4 5 6 7
Primary memory available: 16.00 gigabytes
Default processor set: 202 tasks, 1106 threads, 8 processors
Load average: 3.59, Mach factor: 4.40
/bin/machine           = unknown
/usr/bin/oslevel       = unknown
/bin/universe          = unknown

PATH: /Users/adampetz/Documents/haskTPMLocal/mainline/.cabal-sandbox/bin
PATH: /usr/bin
PATH: /bin
PATH: /usr/sbin
PATH: /sbin
PATH: /usr/local/bin
PATH: /opt/X11/bin
PATH: /usr/local/git/bin
PATH: /Users/adampetz/.cabal/bin


## ----------- ##
## Core tests. ##
## ----------- ##

configure:2196: checking for gcc
configure:2212: found /usr/bin/gcc
configure:2223: result: gcc
configure:2452: checking for C compiler version
configure:2461: gcc --version >&5
Apple LLVM version 5.1 (clang-503.0.40) (based on LLVM 3.4svn)
Target: x86_64-apple-darwin13.3.0
Thread model: posix
Configured with: --prefix=/Library/Developer/CommandLineTools/usr --with-gxx-include-dir=/usr/include/c++/4.2.1
configure:2472: $? = 0
configure:2461: gcc -v >&5
Configured with: --prefix=/Library/Developer/CommandLineTools/usr --with-gxx-include-dir=/usr/include/c++/4.2.1
Apple LLVM version 5.1 (clang-503.0.40) (based on LLVM 3.4svn)
Target: x86_64-apple-darwin13.3.0
Thread model: posix
configure:2472: $? = 0
configure:2461: gcc -V >&5
clang: error: argument to '-V' is missing (expected 1 value)
clang: error: no input files
configure:2472: $? = 1
configure:2461: gcc -qversion >&5
clang: error: unknown argument: '-qversion' [-Wunused-command-line-argument-hard-error-in-future]
clang: note: this will be a hard error (cannot be downgraded to a warning) in the future
clang: error: no input files
configure:2472: $? = 1
configure:2492: checking whether the C compiler works
configure:2514: gcc    conftest.c  >&5
configure:2518: $? = 0
configure:2566: result: yes
configure:2569: checking for C compiler default output file name
configure:2571: result: a.out
configure:2577: checking for suffix of executables
configure:2584: gcc -o conftest    conftest.c  >&5
configure:2588: $? = 0
configure:2610: result: 
configure:2632: checking whether we are cross compiling
configure:2640: gcc -o conftest    conftest.c  >&5
configure:2644: $? = 0
configure:2651: ./conftest
configure:2655: $? = 0
configure:2670: result: no
configure:2675: checking for suffix of object files
configure:2697: gcc -c   conftest.c >&5
configure:2701: $? = 0
configure:2722: result: o
configure:2726: checking whether we are using the GNU C compiler
configure:2745: gcc -c   conftest.c >&5
configure:2745: $? = 0
configure:2754: result: yes
configure:2763: checking whether gcc accepts -g
configure:2783: gcc -c -g  conftest.c >&5
configure:2783: $? = 0
configure:2824: result: yes
configure:2841: checking for gcc option to accept ISO C89
configure:2904: gcc  -c   conftest.c >&5
configure:2904: $? = 0
configure:2917: result: none needed
configure:2939: checking for tgetent in -lcurses
configure:2964: gcc -o conftest    conftest.c -lcurses   >&5
configure:2964: $? = 0
configure:2973: result: yes
configure:3067: checking for el_init
configure:3067: gcc -o conftest    conftest.c  -lcurses -ledit >&5
configure:3067: $? = 0
configure:3067: result: yes
configure:3074: checking for readline
configure:3074: gcc -o conftest    conftest.c  -lcurses -ledit >&5
configure:3074: $? = 0
configure:3074: result: yes
configure:3091: checking how to run the C preprocessor
configure:3122: gcc -E  conftest.c
configure:3122: $? = 0
configure:3136: gcc -E  conftest.c
conftest.c:9:10: fatal error: 'ac_nonexistent.h' file not found
#include <ac_nonexistent.h>
         ^
1 error generated.
configure:3136: $? = 1
configure: failed program was:
| /* confdefs.h */
| #define PACKAGE_NAME "Haskell editline package"
| #define PACKAGE_TARNAME "editline"
| #define PACKAGE_VERSION "1.0"
| #define PACKAGE_STRING "Haskell editline package 1.0"
| #define PACKAGE_BUGREPORT "libraries@haskell.org"
| #define PACKAGE_URL ""
| /* end confdefs.h.  */
| #include <ac_nonexistent.h>
configure:3161: result: gcc -E
configure:3181: gcc -E  conftest.c
configure:3181: $? = 0
configure:3195: gcc -E  conftest.c
conftest.c:9:10: fatal error: 'ac_nonexistent.h' file not found
#include <ac_nonexistent.h>
         ^
1 error generated.
configure:3195: $? = 1
configure: failed program was:
| /* confdefs.h */
| #define PACKAGE_NAME "Haskell editline package"
| #define PACKAGE_TARNAME "editline"
| #define PACKAGE_VERSION "1.0"
| #define PACKAGE_STRING "Haskell editline package 1.0"
| #define PACKAGE_BUGREPORT "libraries@haskell.org"
| #define PACKAGE_URL ""
| /* end confdefs.h.  */
| #include <ac_nonexistent.h>
configure:3224: checking for grep that handles long lines and -e
configure:3282: result: /usr/bin/grep
configure:3287: checking for egrep
configure:3349: result: /usr/bin/grep -E
configure:3354: checking for ANSI C header files
configure:3374: gcc -c   conftest.c >&5
configure:3374: $? = 0
configure:3447: gcc -o conftest    conftest.c  -lcurses -ledit >&5
configure:3447: $? = 0
configure:3447: ./conftest
configure:3447: $? = 0
configure:3458: result: yes
configure:3471: checking for sys/types.h
configure:3471: gcc -c   conftest.c >&5
configure:3471: $? = 0
configure:3471: result: yes
configure:3471: checking for sys/stat.h
configure:3471: gcc -c   conftest.c >&5
configure:3471: $? = 0
configure:3471: result: yes
configure:3471: checking for stdlib.h
configure:3471: gcc -c   conftest.c >&5
configure:3471: $? = 0
configure:3471: result: yes
configure:3471: checking for string.h
configure:3471: gcc -c   conftest.c >&5
configure:3471: $? = 0
configure:3471: result: yes
configure:3471: checking for memory.h
configure:3471: gcc -c   conftest.c >&5
configure:3471: $? = 0
configure:3471: result: yes
configure:3471: checking for strings.h
configure:3471: gcc -c   conftest.c >&5
configure:3471: $? = 0
configure:3471: result: yes
configure:3471: checking for inttypes.h
configure:3471: gcc -c   conftest.c >&5
configure:3471: $? = 0
configure:3471: result: yes
configure:3471: checking for stdint.h
configure:3471: gcc -c   conftest.c >&5
configure:3471: $? = 0
configure:3471: result: yes
configure:3471: checking for unistd.h
configure:3471: gcc -c   conftest.c >&5
configure:3471: $? = 0
configure:3471: result: yes
configure:3486: checking editline/readline.h usability
configure:3486: gcc -c   conftest.c >&5
configure:3486: $? = 0
configure:3486: result: yes
configure:3486: checking editline/readline.h presence
configure:3486: gcc -E  conftest.c
configure:3486: $? = 0
configure:3486: result: yes
configure:3486: checking for editline/readline.h
configure:3486: result: yes
configure:3498: checking for sign of read_history result on error
configure:3521: gcc -o conftest    conftest.c  -lcurses -ledit >&5
configure:3521: $? = 0
configure:3521: ./conftest
configure:3521: $? = 0
configure:3539: result: positive
configure:3550: checking for rl_completion_matches
configure:3550: gcc -o conftest    conftest.c  -lcurses -ledit >&5
configure:3550: $? = 0
configure:3550: result: yes
configure:3550: checking for completion_matches
configure:3550: gcc -o conftest    conftest.c  -lcurses -ledit >&5
configure:3550: $? = 0
configure:3550: result: yes
configure:3694: creating ./config.status

## ---------------------- ##
## Running config.status. ##
## ---------------------- ##

This file was extended by Haskell editline package config.status 1.0, which was
generated by GNU Autoconf 2.69.  Invocation command line was

  CONFIG_FILES    = 
  CONFIG_HEADERS  = 
  CONFIG_LINKS    = 
  CONFIG_COMMANDS = 
  $ ./config.status 

on wifi-238.ittc.ku.edu

config.status:806: creating editline.buildinfo
config.status:806: creating include/HsEditlineConfig.h
config.status:976: include/HsEditlineConfig.h is unchanged
configure:4848: WARNING: unrecognized options: --with-compiler, --with-gcc

## ---------------- ##
## Cache variables. ##
## ---------------- ##

ac_cv_c_compiler_gnu=yes
ac_cv_env_CC_set=
ac_cv_env_CC_value=
ac_cv_env_CFLAGS_set=set
ac_cv_env_CFLAGS_value=
ac_cv_env_CPPFLAGS_set=
ac_cv_env_CPPFLAGS_value=
ac_cv_env_CPP_set=
ac_cv_env_CPP_value=
ac_cv_env_LDFLAGS_set=
ac_cv_env_LDFLAGS_value=
ac_cv_env_LIBS_set=
ac_cv_env_LIBS_value=
ac_cv_env_build_alias_set=
ac_cv_env_build_alias_value=
ac_cv_env_host_alias_set=
ac_cv_env_host_alias_value=
ac_cv_env_target_alias_set=
ac_cv_env_target_alias_value=
ac_cv_func_completion_matches=yes
ac_cv_func_el_init=yes
ac_cv_func_readline=yes
ac_cv_func_rl_completion_matches=yes
ac_cv_header_editline_readline_h=yes
ac_cv_header_inttypes_h=yes
ac_cv_header_memory_h=yes
ac_cv_header_stdc=yes
ac_cv_header_stdint_h=yes
ac_cv_header_stdlib_h=yes
ac_cv_header_string_h=yes
ac_cv_header_strings_h=yes
ac_cv_header_sys_stat_h=yes
ac_cv_header_sys_types_h=yes
ac_cv_header_unistd_h=yes
ac_cv_lib_curses_tgetent=yes
ac_cv_objext=o
ac_cv_path_EGREP='/usr/bin/grep -E'
ac_cv_path_GREP=/usr/bin/grep
ac_cv_prog_CPP='gcc -E'
ac_cv_prog_ac_ct_CC=gcc
ac_cv_prog_cc_c89=
ac_cv_prog_cc_g=yes

## ----------------- ##
## Output variables. ##
## ----------------- ##

BUILD_PACKAGE_BOOL='True'
CC='gcc'
CFLAGS=''
CPP='gcc -E'
CPPFLAGS=''
DEFS='-DHAVE_CONFIG_H'
ECHO_C='\c'
ECHO_N=''
ECHO_T=''
EDITLINE_CFLAGS=''
EDITLINE_INCLUDE_DIRS=''
EDITLINE_LDFLAGS=''
EDITLINE_LIBS='edit curses'
EDITLINE_LIB_DIRS=''
EGREP='/usr/bin/grep -E'
EXEEXT=''
GREP='/usr/bin/grep'
LDFLAGS=''
LIBOBJS=''
LIBS=' -lcurses -ledit'
LTLIBOBJS=''
OBJEXT='o'
PACKAGE_BUGREPORT='libraries@haskell.org'
PACKAGE_NAME='Haskell editline package'
PACKAGE_STRING='Haskell editline package 1.0'
PACKAGE_TARNAME='editline'
PACKAGE_URL=''
PACKAGE_VERSION='1.0'
PATH_SEPARATOR=':'
SHELL='/bin/sh'
ac_ct_CC='gcc'
bindir='/Users/adampetz/Documents/haskTPMLocal/mainline/.cabal-sandbox/bin'
build_alias=''
datadir='/Users/adampetz/Documents/haskTPMLocal/mainline/.cabal-sandbox/share'
datarootdir='${prefix}/share'
docdir='${datarootdir}/doc/${PACKAGE_TARNAME}'
dvidir='${docdir}'
exec_prefix='${prefix}'
host_alias=''
htmldir='${docdir}'
includedir='${prefix}/include'
infodir='${datarootdir}/info'
libdir='/Users/adampetz/Documents/haskTPMLocal/mainline/.cabal-sandbox/lib'
libexecdir='/Users/adampetz/Documents/haskTPMLocal/mainline/.cabal-sandbox/libexec'
localedir='${datarootdir}/locale'
localstatedir='${prefix}/var'
mandir='${datarootdir}/man'
oldincludedir='/usr/include'
pdfdir='${docdir}'
prefix='/Users/adampetz/Documents/haskTPMLocal/mainline/.cabal-sandbox'
program_transform_name='s,x,x,'
psdir='${docdir}'
sbindir='${exec_prefix}/sbin'
sharedstatedir='${prefix}/com'
sysconfdir='/Users/adampetz/Documents/haskTPMLocal/mainline/.cabal-sandbox/etc'
target_alias=''

## ----------- ##
## confdefs.h. ##
## ----------- ##

/* confdefs.h */
#define PACKAGE_NAME "Haskell editline package"
#define PACKAGE_TARNAME "editline"
#define PACKAGE_VERSION "1.0"
#define PACKAGE_STRING "Haskell editline package 1.0"
#define PACKAGE_BUGREPORT "libraries@haskell.org"
#define PACKAGE_URL ""
#define STDC_HEADERS 1
#define HAVE_SYS_TYPES_H 1
#define HAVE_SYS_STAT_H 1
#define HAVE_STDLIB_H 1
#define HAVE_STRING_H 1
#define HAVE_MEMORY_H 1
#define HAVE_STRINGS_H 1
#define HAVE_INTTYPES_H 1
#define HAVE_STDINT_H 1
#define HAVE_UNISTD_H 1
#define HAVE_EDITLINE_READLINE_H 1
#define HAVE_RL_COMPLETION_MATCHES 1
#define HAVE_COMPLETION_MATCHES 1

configure: exit 0
