#
# A fatal error has been detected by the Java Runtime Environment:
#
#  Internal Error (/projects/zephyr/deadzone/hotspot/src/os_cpu/linux_x86/vm/thread_linux_x86.hpp:34), pid=8263, tid=3761515328
#  assert(has_last_Java_frame()) failed: must have last_Java_sp() when suspended
#
# JRE version: 6.0_45-b06
# Java VM: OpenJDK Client VM (21.0-b17-internal-jvmg mixed mode linux-x86 )
# Failed to write core dump. Core dumps have been disabled. To enable core dumping, try "ulimit -c unlimited" before starting Java again
#
# If you would like to submit a bug report, please visit:
#   http://bugreport.sun.com/bugreport/crash.jsp
#

---------------  T H R E A D  ---------------

Current thread (0xf689d800):  VMThread [stack: 0xe02c2000,0xe0343000] [id=8265]

Stack: [0xe02c2000,0xe0343000],  sp=0xe03419e0,  free space=510k
Native frames: (J=compiled Java code, j=interpreted, Vv=VM code, C=native code)
V  [libjvm.so+0x59a23e]  VMError::report(outputStream*)+0xc9e
V  [libjvm.so+0x59b273]  VMError::report_and_die()+0x67d
V  [libjvm.so+0x241653]  report_vm_error(char const*, int, char const*, char const*)+0x7f
V  [libjvm.so+0x17b1a0]  JavaThread::pd_last_frame()+0x50
V  [libjvm.so+0x17b146]  JavaThread::last_frame()+0x30
V  [libjvm.so+0x563567]  JavaThread::last_java_vframe(RegisterMap*)+0x59
V  [libjvm.so+0x5634c5]  JavaThread::trace_stack()+0x91
V  [libjvm.so+0x5c13f1]  VM_MonitorAction::doit()+0xa9
V  [libjvm.so+0x5c023e]  VM_Operation::evaluate()+0x60
V  [libjvm.so+0x5bef78]  VMThread::evaluate_operation(VM_Operation*)+0x3c
V  [libjvm.so+0x5bf3e1]  VMThread::loop()+0x3e3
V  [libjvm.so+0x5becb1]  VMThread::run()+0xf3
V  [libjvm.so+0x4897b6]  java_start(Thread*)+0x1b4
C  [libpthread.so.0+0x6d8a]  start_thread+0xca

VM_Operation (0xdfcff06c): Dummy, mode: safepoint, requested by thread 0xe0015000


---------------  P R O C E S S  ---------------

Java Threads: ( => current thread )
  0xdfaf0c00 JavaThread "node-16" [_thread_blocked, id=8307, stack(0xdf0b9000,0xdf10a000)]
  0xdfaef000 JavaThread "node-9" [_thread_blocked, id=8306, stack(0xdf10a000,0xdf15b000)]
  0xdfaed400 JavaThread "node-10" [_thread_blocked, id=8305, stack(0xdf15b000,0xdf1ac000)]
  0xdfaeb800 JavaThread "node-23" [_thread_blocked, id=8304, stack(0xdf1ac000,0xdf1fd000)]
  0xdfae9c00 JavaThread "node-7" [_thread_blocked, id=8303, stack(0xdf1fd000,0xdf24e000)]
  0xdfae7c00 JavaThread "node-22" [_thread_blocked, id=8302, stack(0xdf24e000,0xdf29f000)]
  0xdfae6000 JavaThread "node-1" [_thread_blocked, id=8301, stack(0xdf29f000,0xdf2f0000)]
  0xdfae4400 JavaThread "node-2" [_thread_blocked, id=8300, stack(0xdf2f0000,0xdf341000)]
  0xdfae2800 JavaThread "node-20" [_thread_blocked, id=8299, stack(0xdf341000,0xdf392000)]
  0xdfae0c00 JavaThread "node-15" [_thread_blocked, id=8298, stack(0xdf392000,0xdf3e3000)]
  0xdfadf000 JavaThread "node-14" [_thread_blocked, id=8297, stack(0xdf3e3000,0xdf434000)]
  0xdfadd400 JavaThread "node-6" [_thread_blocked, id=8296, stack(0xdf434000,0xdf485000)]
  0xdfadb800 JavaThread "node-13" [_thread_blocked, id=8295, stack(0xdf485000,0xdf4d6000)]
  0xdfad9800 JavaThread "node-12" [_thread_blocked, id=8294, stack(0xdf4d6000,0xdf527000)]
  0xdfad7c00 JavaThread "node-17" [_thread_blocked, id=8293, stack(0xdf527000,0xdf578000)]
  0xdfad6000 JavaThread "node-18" [_thread_blocked, id=8292, stack(0xdf578000,0xdf5c9000)]
  0xdfad4400 JavaThread "node-24" [_thread_blocked, id=8291, stack(0xdf5c9000,0xdf61a000)]
  0xdfad2800 JavaThread "node-8" [_thread_blocked, id=8290, stack(0xdf61a000,0xdf66b000)]
  0xdfad0c00 JavaThread "node-3" [_thread_blocked, id=8289, stack(0xdf66b000,0xdf6bc000)]
  0xdfacec00 JavaThread "node-25" [_thread_blocked, id=8288, stack(0xdf6bc000,0xdf70d000)]
  0xdfacd000 JavaThread "node-11" [_thread_blocked, id=8287, stack(0xdf70d000,0xdf75e000)]
  0xdfacb400 JavaThread "node-5" [_thread_blocked, id=8286, stack(0xdf75e000,0xdf7af000)]
  0xdfac9800 JavaThread "node-0" [_thread_blocked, id=8285, stack(0xdf7af000,0xdf800000)]
  0xdfac4c00 JavaThread "node-21" [_thread_blocked, id=8284, stack(0xdf90d000,0xdf95e000)]
  0xdfac3400 JavaThread "node-19" [_thread_blocked, id=8283, stack(0xdf95e000,0xdf9af000)]
  0xdfac1800 JavaThread "node-4" [_thread_blocked, id=8282, stack(0xdf9af000,0xdfa00000)]
  0xe0019800 JavaThread "Low Memory Detector" daemon [_thread_blocked, id=8272, stack(0xdfbdd000,0xdfc2e000)]
  0xe0017000 JavaThread "C1 CompilerThread0" daemon [_thread_blocked, id=8271, stack(0xdfc2e000,0xdfcaf000)]
  0xe0015000 JavaThread "Signal Dispatcher" daemon [_thread_blocked, id=8270, stack(0xdfcaf000,0xdfd00000)]
  0xf68b4800 JavaThread "Finalizer" daemon [_thread_blocked, id=8267, stack(0xe0220000,0xe0271000)]
  0xf68b2800 JavaThread "Reference Handler" daemon [_thread_blocked, id=8266, stack(0xe0271000,0xe02c2000)]
  0xf6818000 JavaThread "main" [_thread_blocked, id=8264, stack(0xf694a000,0xf699b000)]

Other Threads:
=>0xf689d800 VMThread [stack: 0xe02c2000,0xe0343000] [id=8265]
  0xe001c400 WatcherThread [stack: 0xdfb5c000,0xdfbdd000] [id=8273]

VM state:at safepoint (normal execution)

VM Mutex/Monitor currently owned by a thread:  ([mutex/lock_event])
[0xf6815f18] Threads_lock - owner thread: 0xf689d800

Heap
 def new generation   total 4992K, used 4992K [0xe0650000, 0xe0bb0000, 0xe5ba0000)
  eden space 4480K, 100% used [0xe0650000, 0xe0ab0000, 0xe0ab0000)
  from space 512K, 100% used [0xe0ab0000, 0xe0b30000, 0xe0b30000)
  to   space 512K,   0% used [0xe0b30000, 0xe0b30000, 0xe0bb0000)
 tenured generation   total 10944K, used 2735K [0xe5ba0000, 0xe6650000, 0xf0650000)
   the space 10944K,  24% used [0xe5ba0000, 0xe5e4bcc8, 0xe5e4be00, 0xe6650000)
 compacting perm gen  total 12288K, used 3388K [0xf0650000, 0xf1250000, 0xf4650000)
   the space 12288K,  27% used [0xf0650000, 0xf099f0a0, 0xf099f200, 0xf1250000)
No shared spaces configured.

Code Cache  [0xf46d9000, 0xf4831000, 0xf66d9000)
 total_blobs=376 nmethods=244 adapters=74 free_code_cache=31403Kb largest_free_block=32156800

Dynamic libraries:
08048000-0804f000 r-xp 00000000 00:2a 45655205                           /nfs/projects/zephyr/deadzone/hotspot/build/linux/linux_i486_compiler1/jvmg/gamma
0804f000-08050000 r--p 00006000 00:2a 45655205                           /nfs/projects/zephyr/deadzone/hotspot/build/linux/linux_i486_compiler1/jvmg/gamma
08050000-08051000 rw-p 00007000 00:2a 45655205                           /nfs/projects/zephyr/deadzone/hotspot/build/linux/linux_i486_compiler1/jvmg/gamma
0923d000-0925e000 rw-p 00000000 00:00 0                                  [heap]
488f7000-48916000 r-xp 00000000 08:03 2765464                            /usr/lib/ld-2.18.so
48917000-48918000 r--p 0001f000 08:03 2765464                            /usr/lib/ld-2.18.so
48918000-48919000 rw-p 00020000 08:03 2765464                            /usr/lib/ld-2.18.so
4891b000-48ad3000 r-xp 00000000 08:03 2777597                            /usr/lib/libc-2.18.so
48ad3000-48ad5000 r--p 001b8000 08:03 2777597                            /usr/lib/libc-2.18.so
48ad5000-48ad6000 rw-p 001ba000 08:03 2777597                            /usr/lib/libc-2.18.so
48ad6000-48ad9000 rw-p 00000000 00:00 0 
df0b9000-df0bc000 ---p 00000000 00:00 0 
df0bc000-df10a000 rwxp 00000000 00:00 0                                  [stack:8307]
df10a000-df10d000 ---p 00000000 00:00 0 
df10d000-df15b000 rwxp 00000000 00:00 0                                  [stack:8306]
df15b000-df15e000 ---p 00000000 00:00 0 
df15e000-df1ac000 rwxp 00000000 00:00 0                                  [stack:8305]
df1ac000-df1af000 ---p 00000000 00:00 0 
df1af000-df1fd000 rwxp 00000000 00:00 0                                  [stack:8304]
df1fd000-df200000 ---p 00000000 00:00 0 
df200000-df24e000 rwxp 00000000 00:00 0                                  [stack:8303]
df24e000-df251000 ---p 00000000 00:00 0 
df251000-df29f000 rwxp 00000000 00:00 0                                  [stack:8302]
df29f000-df2a2000 ---p 00000000 00:00 0 
df2a2000-df2f0000 rwxp 00000000 00:00 0                                  [stack:8301]
df2f0000-df2f3000 ---p 00000000 00:00 0 
df2f3000-df341000 rwxp 00000000 00:00 0                                  [stack:8300]
df341000-df344000 ---p 00000000 00:00 0 
df344000-df392000 rwxp 00000000 00:00 0                                  [stack:8299]
df392000-df395000 ---p 00000000 00:00 0 
df395000-df3e3000 rwxp 00000000 00:00 0                                  [stack:8298]
df3e3000-df3e6000 ---p 00000000 00:00 0 
df3e6000-df434000 rwxp 00000000 00:00 0                                  [stack:8297]
df434000-df437000 ---p 00000000 00:00 0 
df437000-df485000 rwxp 00000000 00:00 0                                  [stack:8296]
df485000-df488000 ---p 00000000 00:00 0 
df488000-df4d6000 rwxp 00000000 00:00 0                                  [stack:8295]
df4d6000-df4d9000 ---p 00000000 00:00 0 
df4d9000-df527000 rwxp 00000000 00:00 0                                  [stack:8294]
df527000-df52a000 ---p 00000000 00:00 0 
df52a000-df578000 rwxp 00000000 00:00 0                                  [stack:8293]
df578000-df57b000 ---p 00000000 00:00 0 
df57b000-df5c9000 rwxp 00000000 00:00 0                                  [stack:8292]
df5c9000-df5cc000 ---p 00000000 00:00 0 
df5cc000-df61a000 rwxp 00000000 00:00 0                                  [stack:8291]
df61a000-df61d000 ---p 00000000 00:00 0 
df61d000-df66b000 rwxp 00000000 00:00 0                                  [stack:8290]
df66b000-df66e000 ---p 00000000 00:00 0 
df66e000-df6bc000 rwxp 00000000 00:00 0                                  [stack:8289]
df6bc000-df6bf000 ---p 00000000 00:00 0 
df6bf000-df70d000 rwxp 00000000 00:00 0                                  [stack:8288]
df70d000-df710000 ---p 00000000 00:00 0 
df710000-df75e000 rwxp 00000000 00:00 0                                  [stack:8287]
df75e000-df761000 ---p 00000000 00:00 0 
df761000-df7af000 rwxp 00000000 00:00 0                                  [stack:8286]
df7af000-df7b2000 ---p 00000000 00:00 0 
df7b2000-df800000 rwxp 00000000 00:00 0                                  [stack:8285]
df800000-df8ef000 rw-p 00000000 00:00 0 
df8ef000-df900000 ---p 00000000 00:00 0 
df90d000-df910000 ---p 00000000 00:00 0 
df910000-df95e000 rwxp 00000000 00:00 0                                  [stack:8284]
df95e000-df961000 ---p 00000000 00:00 0 
df961000-df9af000 rwxp 00000000 00:00 0                                  [stack:8283]
df9af000-df9b2000 ---p 00000000 00:00 0 
df9b2000-dfa00000 rwxp 00000000 00:00 0                                  [stack:8282]
dfa00000-dfaf4000 rw-p 00000000 00:00 0 
dfaf4000-dfb00000 ---p 00000000 00:00 0 
dfb32000-dfb5c000 r--s 001d4000 00:2a 45655210                           /nfs/projects/zephyr/deadzone/hotspot/scratch/jar/avrora-cvs-20091224.jar
dfb5c000-dfb5d000 ---p 00000000 00:00 0 
dfb5d000-dfbdd000 rwxp 00000000 00:00 0                                  [stack:8273]
dfbdd000-dfbe0000 ---p 00000000 00:00 0 
dfbe0000-dfc2e000 rwxp 00000000 00:00 0                                  [stack:8272]
dfc2e000-dfc31000 ---p 00000000 00:00 0 
dfc31000-dfcaf000 rwxp 00000000 00:00 0                                  [stack:8271]
dfcaf000-dfcb2000 ---p 00000000 00:00 0 
dfcb2000-dfd00000 rwxp 00000000 00:00 0                                  [stack:8270]
dfd00000-dff00000 r--p 00000000 08:03 3030047                            /usr/lib/locale/locale-archive
dff00000-dff21000 rw-p 00000000 00:00 0 
dff21000-e0000000 ---p 00000000 00:00 0 
e0000000-e0100000 rw-p 00000000 00:00 0 
e0100000-e0200000 rw-p 00000000 00:00 0 
e0220000-e0223000 ---p 00000000 00:00 0 
e0223000-e0271000 rwxp 00000000 00:00 0                                  [stack:8267]
e0271000-e0274000 ---p 00000000 00:00 0 
e0274000-e02c2000 rwxp 00000000 00:00 0                                  [stack:8266]
e02c2000-e02c3000 ---p 00000000 00:00 0 
e02c3000-e0343000 rwxp 00000000 00:00 0                                  [stack:8265]
e0343000-e0377000 rw-p 00000000 00:00 0 
e0377000-e0510000 r--s 03087000 00:2a 42072734                           /nfs/projects/zephyr/deadzone/java/jdk1.6.0_45/jre/lib/rt.jar
e0510000-e0538000 rw-p 00000000 00:00 0 
e0538000-e053f000 rw-p 00000000 00:00 0 
e053f000-e0559000 rw-p 00000000 00:00 0 
e0559000-e055f000 rw-p 00000000 00:00 0 
e055f000-e05af000 rw-p 00000000 00:00 0 
e05af000-e05b2000 rw-p 00000000 00:00 0 
e05b2000-e05d9000 rw-p 00000000 00:00 0 
e05d9000-e05df000 rw-p 00000000 00:00 0 
e05df000-e062f000 rw-p 00000000 00:00 0 
e062f000-e0635000 rw-p 00000000 00:00 0 
e0635000-e064f000 rw-p 00000000 00:00 0 
e064f000-e0650000 rw-p 00000000 00:00 0 
e0650000-e0ba0000 rw-p 00000000 00:00 0 
e0ba0000-e0bb0000 rw-p 00000000 00:00 0 
e0bb0000-e5ba0000 rw-p 00000000 00:00 0 
e5ba0000-e6650000 rw-p 00000000 00:00 0 
e6650000-f0650000 rw-p 00000000 00:00 0 
f0650000-f1250000 rw-p 00000000 00:00 0 
f1250000-f4650000 rw-p 00000000 00:00 0 
f4659000-f465a000 rw-p 00000000 00:00 0 
f465a000-f465b000 rw-p 00000000 00:00 0 
f465b000-f465c000 rw-p 00000000 00:00 0 
f465c000-f465d000 rw-p 00000000 00:00 0 
f465d000-f465e000 rw-p 00000000 00:00 0 
f465e000-f465f000 rw-p 00000000 00:00 0 
f465f000-f46d9000 rw-p 00000000 00:00 0 
f46d9000-f4701000 rwxp 00000000 00:00 0 
f4701000-f4709000 rwxp 00000000 00:00 0 
f4709000-f4711000 rwxp 00000000 00:00 0 
f4711000-f4719000 rwxp 00000000 00:00 0 
f4719000-f4721000 rwxp 00000000 00:00 0 
f4721000-f4729000 rwxp 00000000 00:00 0 
f4729000-f4731000 rwxp 00000000 00:00 0 
f4731000-f4739000 rwxp 00000000 00:00 0 
f4739000-f4741000 rwxp 00000000 00:00 0 
f4741000-f4749000 rwxp 00000000 00:00 0 
f4749000-f4751000 rwxp 00000000 00:00 0 
f4751000-f4759000 rwxp 00000000 00:00 0 
f4759000-f4761000 rwxp 00000000 00:00 0 
f4761000-f4769000 rwxp 00000000 00:00 0 
f4769000-f4771000 rwxp 00000000 00:00 0 
f4771000-f4779000 rwxp 00000000 00:00 0 
f4779000-f4781000 rwxp 00000000 00:00 0 
f4781000-f4789000 rwxp 00000000 00:00 0 
f4789000-f4791000 rwxp 00000000 00:00 0 
f4791000-f4799000 rwxp 00000000 00:00 0 
f4799000-f47a1000 rwxp 00000000 00:00 0 
f47a1000-f47a9000 rwxp 00000000 00:00 0 
f47a9000-f47b1000 rwxp 00000000 00:00 0 
f47b1000-f47b9000 rwxp 00000000 00:00 0 
f47b9000-f47c1000 rwxp 00000000 00:00 0 
f47c1000-f47c9000 rwxp 00000000 00:00 0 
f47c9000-f47d1000 rwxp 00000000 00:00 0 
f47d1000-f47d9000 rwxp 00000000 00:00 0 
f47d9000-f47e1000 rwxp 00000000 00:00 0 
f47e1000-f47e9000 rwxp 00000000 00:00 0 
f47e9000-f47f1000 rwxp 00000000 00:00 0 
f47f1000-f47f9000 rwxp 00000000 00:00 0 
f47f9000-f4801000 rwxp 00000000 00:00 0 
f4801000-f4809000 rwxp 00000000 00:00 0 
f4809000-f4811000 rwxp 00000000 00:00 0 
f4811000-f4819000 rwxp 00000000 00:00 0 
f4819000-f4821000 rwxp 00000000 00:00 0 
f4821000-f4829000 rwxp 00000000 00:00 0 
f4829000-f4831000 rwxp 00000000 00:00 0 
f4831000-f66d9000 rw-p 00000000 00:00 0 
f66d9000-f66e4000 r-xp 00000000 08:03 2777622                            /usr/lib/libnss_files-2.18.so
f66e4000-f66e5000 r--p 0000a000 08:03 2777622                            /usr/lib/libnss_files-2.18.so
f66e5000-f66e6000 rw-p 0000b000 08:03 2777622                            /usr/lib/libnss_files-2.18.so
f66e6000-f67e6000 rw-p 00000000 00:00 0 
f67e6000-f67fc000 r-xp 00000000 08:03 2777614                            /usr/lib/libnsl-2.18.so
f67fc000-f67fd000 r--p 00015000 08:03 2777614                            /usr/lib/libnsl-2.18.so
f67fd000-f67fe000 rw-p 00016000 08:03 2777614                            /usr/lib/libnsl-2.18.so
f67fe000-f6800000 rw-p 00000000 00:00 0 
f6800000-f68ff000 rw-p 00000000 00:00 0 
f68ff000-f6900000 ---p 00000000 00:00 0 
f6903000-f6907000 r--s 09f57000 00:2a 42073732                           /nfs/projects/zephyr/deadzone/benchmarks/dacapo-9.12-bach.jar
f6907000-f690b000 r--s 09f57000 00:2a 42073732                           /nfs/projects/zephyr/deadzone/benchmarks/dacapo-9.12-bach.jar
f690b000-f691a000 r-xp 00000000 00:2a 38886883                           /nfs/projects/zephyr/deadzone/java/jdk1.6.0_45/jre/lib/i386/libzip.so
f691a000-f691c000 rw-p 0000e000 00:2a 38886883                           /nfs/projects/zephyr/deadzone/java/jdk1.6.0_45/jre/lib/i386/libzip.so
f691c000-f6924000 rw-p 00000000 00:00 0 
f6924000-f6948000 r-xp 00000000 00:2a 38886879                           /nfs/projects/zephyr/deadzone/java/jdk1.6.0_45/jre/lib/i386/libjava.so
f6948000-f694a000 rw-p 00023000 00:2a 38886879                           /nfs/projects/zephyr/deadzone/java/jdk1.6.0_45/jre/lib/i386/libjava.so
f694a000-f694d000 ---p 00000000 00:00 0 
f694d000-f699b000 rwxp 00000000 00:00 0                                  [stack:8264]
f699b000-f699c000 rw-p 00000000 00:00 0 
f699c000-f699d000 rw-p 00000000 00:00 0 
f699d000-f69b4000 r-xp 00000000 08:03 2777630                            /usr/lib/libpthread-2.18.so
f69b4000-f69b5000 r--p 00016000 08:03 2777630                            /usr/lib/libpthread-2.18.so
f69b5000-f69b6000 rw-p 00017000 08:03 2777630                            /usr/lib/libpthread-2.18.so
f69b6000-f69b8000 rw-p 00000000 00:00 0 
f69b8000-f69bb000 r-xp 00000000 08:03 2777610                            /usr/lib/libdl-2.18.so
f69bb000-f69bc000 r--p 00002000 08:03 2777610                            /usr/lib/libdl-2.18.so
f69bc000-f69bd000 rw-p 00003000 08:03 2777610                            /usr/lib/libdl-2.18.so
f69bd000-f6a02000 r-xp 00000000 08:03 2777612                            /usr/lib/libm-2.18.so
f6a02000-f6a03000 r--p 00044000 08:03 2777612                            /usr/lib/libm-2.18.so
f6a03000-f6a04000 rw-p 00045000 08:03 2777612                            /usr/lib/libm-2.18.so
f6a04000-f6a05000 rw-p 00000000 00:00 0 
f6a05000-f6a06000 ---p 00000000 00:00 0 
f6a06000-f6a11000 r-xp 00000000 00:2a 38886878                           /nfs/projects/zephyr/deadzone/java/jdk1.6.0_45/jre/lib/i386/libverify.so
f6a11000-f6a12000 rw-p 0000b000 00:2a 38886878                           /nfs/projects/zephyr/deadzone/java/jdk1.6.0_45/jre/lib/i386/libverify.so
f6a12000-f6a19000 r-xp 00000000 08:03 2777634                            /usr/lib/librt-2.18.so
f6a19000-f6a1a000 r--p 00006000 08:03 2777634                            /usr/lib/librt-2.18.so
f6a1a000-f6a1b000 rw-p 00007000 08:03 2777634                            /usr/lib/librt-2.18.so
f6a1b000-f6a1c000 rw-p 00000000 00:00 0 
f6a1c000-f7324000 r-xp 00000000 00:2a 45655203                           /nfs/projects/zephyr/deadzone/hotspot/build/linux/linux_i486_compiler1/jvmg/libjvm.so
f7324000-f7334000 r--p 00908000 00:2a 45655203                           /nfs/projects/zephyr/deadzone/hotspot/build/linux/linux_i486_compiler1/jvmg/libjvm.so
f7334000-f7346000 rw-p 00918000 00:2a 45655203                           /nfs/projects/zephyr/deadzone/hotspot/build/linux/linux_i486_compiler1/jvmg/libjvm.so
f7346000-f77b4000 rw-p 00000000 00:00 0 
f77b4000-f77b5000 rw-p 00000000 00:00 0 
f77b5000-f77b6000 r-xp 00000000 00:00 0                                  [vdso]
ffb90000-ffbaf000 rwxp 00000000 00:00 0                                  [stack]
ffbaf000-ffbb1000 rw-p 00000000 00:00 0 

VM Arguments:
java_command: /projects/zephyr/deadzone/benchmarks/dacapo-9.12-bach.jar -s large avrora
Launcher Type: gamma

Environment Variables:
JAVA_HOME=/projects/zephyr/deadzone/java/jdk1.6.0_45
PATH=/projects/zephyr/deadzone/java/jdk1.6.0_45/bin:/usr/system/bin:/usr/local/bin:/bin:/usr/bin:/usr/bin/X11:/usr/X11R6/bin:/sbin:/usr/sbin:/usr/local/sbin:/tools/matlab/bin
USERNAME=jgevargi
LD_LIBRARY_PATH=:/projects/zephyr/deadzone/hotspot/build/linux/linux_i486_compiler1/jvmg
SHELL=/bin/bash
DISPLAY=:0

Signal Handlers:
SIGSEGV: [libjvm.so+0x59bb2f], sa_mask[0]=0x7ffbfeff, sa_flags=0x10000004
SIGBUS: [libjvm.so+0x59bb2f], sa_mask[0]=0x7ffbfeff, sa_flags=0x10000004
SIGFPE: [libjvm.so+0x48ef4a], sa_mask[0]=0x7ffbfeff, sa_flags=0x10000004
SIGPIPE: [libjvm.so+0x48ef4a], sa_mask[0]=0x7ffbfeff, sa_flags=0x10000004
SIGXFSZ: [libjvm.so+0x48ef4a], sa_mask[0]=0x7ffbfeff, sa_flags=0x10000004
SIGILL: [libjvm.so+0x48ef4a], sa_mask[0]=0x7ffbfeff, sa_flags=0x10000004
SIGUSR1: [libjvm.so+0x48c74b], sa_mask[0]=0x7ffbfeff, sa_flags=0x10000004
SIGUSR2: [libjvm.so+0x48e819], sa_mask[0]=0x00000000, sa_flags=0x10000004
SIGHUP: [libjvm.so+0x48c74b], sa_mask[0]=0x7ffbfeff, sa_flags=0x10000004
SIGINT: [libjvm.so+0x48c74b], sa_mask[0]=0x7ffbfeff, sa_flags=0x10000004
SIGTERM: [libjvm.so+0x48c74b], sa_mask[0]=0x7ffbfeff, sa_flags=0x10000004
SIGQUIT: [libjvm.so+0x48c74b], sa_mask[0]=0x7ffbfeff, sa_flags=0x10000004


---------------  S Y S T E M  ---------------

OS:Fedora release 20 (Heisenbug)

uname:Linux 3.12.7-300.fc20.x86_64 #1 SMP Fri Jan 10 15:35:31 UTC 2014 x86_64
libc:glibc 2.18 NPTL 2.18 
rlimit: STACK 8192k, CORE 0k, NPROC 1024, NOFILE 4096, AS infinity
load average:0.87 1.01 0.95

/proc/meminfo:
MemTotal:        2048444 kB
MemFree:          201272 kB
Buffers:             136 kB
Cached:           458708 kB
SwapCached:        16388 kB
Active:          1064692 kB
Inactive:         606228 kB
Active(anon):     851708 kB
Inactive(anon):   367816 kB
Active(file):     212984 kB
Inactive(file):   238412 kB
Unevictable:           0 kB
Mlocked:               0 kB
SwapTotal:        524284 kB
SwapFree:         310232 kB
Dirty:                92 kB
Writeback:             0 kB
AnonPages:       1197184 kB
Mapped:            62908 kB
Shmem:              7460 kB
Slab:              60148 kB
SReclaimable:      31400 kB
SUnreclaim:        28748 kB
KernelStack:        3480 kB
PageTables:        47456 kB
NFS_Unstable:          0 kB
Bounce:                0 kB
WritebackTmp:          0 kB
CommitLimit:     1548504 kB
Committed_AS:    4361840 kB
VmallocTotal:   34359738367 kB
VmallocUsed:      352940 kB
VmallocChunk:   34359323444 kB
HardwareCorrupted:     0 kB
AnonHugePages:    129024 kB
HugePages_Total:       0
HugePages_Free:        0
HugePages_Rsvd:        0
HugePages_Surp:        0
Hugepagesize:       2048 kB
DirectMap4k:       75816 kB
DirectMap2M:     2019328 kB


CPU:total 2 (2 cores per cpu, 1 threads per core) family 6 model 15 stepping 6, cmov, cx8, fxsr, mmx, sse, sse2, sse3, ssse3

Memory: 4k page, physical 2048444k(201272k free), swap 524284k(310232k free)

vm_info: OpenJDK Client VM (21.0-b17-internal-jvmg) for linux-x86 JRE (1.7.0), built on May  1 2014 14:52:16 by "jgevargi" with gcc 4.8.2 20131212 (Red Hat 4.8.2-7)

time: Thu May  1 14:53:02 2014
elapsed time: 4 seconds

