Configuring editline-0.2.1.1...
configure: WARNING: unrecognized options: --with-compiler, --with-gcc
checking for gcc... gcc
checking whether the C compiler works... yes
checking for C compiler default output file name... a.out
checking for suffix of executables... 
checking whether we are cross compiling... no
checking for suffix of object files... o
checking whether we are using the GNU C compiler... yes
checking whether gcc accepts -g... yes
checking for gcc option to accept ISO C89... none needed
checking for tgetent in -lcurses... yes
checking for el_init... yes
checking for readline... yes
checking how to run the C preprocessor... gcc -E
checking for grep that handles long lines and -e... /bin/grep
checking for egrep... /bin/grep -E
checking for ANSI C header files... yes
checking for sys/types.h... yes
checking for sys/stat.h... yes
checking for stdlib.h... yes
checking for string.h... yes
checking for memory.h... yes
checking for strings.h... yes
checking for inttypes.h... yes
checking for stdint.h... yes
checking for unistd.h... yes
checking editline/readline.h usability... yes
checking editline/readline.h presence... yes
checking for editline/readline.h... yes
checking for sign of read_history result on error... positive
checking for rl_completion_matches... yes
checking for completion_matches... yes
configure: creating ./config.status
config.status: creating editline.buildinfo
config.status: creating include/HsEditlineConfig.h
config.status: include/HsEditlineConfig.h is unchanged
configure: WARNING: unrecognized options: --with-compiler, --with-gcc
Building editline-0.2.1.1...
Preprocessing library editline-0.2.1.1...
[1 of 2] Compiling System.Console.Editline.Readline ( dist/dist-sandbox-573d37a5/build/System/Console/Editline/Readline.hs, dist/dist-sandbox-573d37a5/build/System/Console/Editline/Readline.o )
[2 of 2] Compiling System.Console.Editline ( dist/dist-sandbox-573d37a5/build/System/Console/Editline.hs, dist/dist-sandbox-573d37a5/build/System/Console/Editline.o )
In-place registering editline-0.2.1.1...
Creating package registration file: /tmp/pkgConf-editline-0.2.112743.1
Installing library in
/home/armored/protoLocal/protocol/tpm/mainline/.cabal-sandbox/lib/x86_64-linux-ghc-7.8.2/editline-0.2.1.1
Registering editline-0.2.1.1...
